  AppDelegate.cpp
  CActor.cpp
  CAnimateActor.cpp
  CEnemy.cpp
  CEnemyManager.cpp
  CEnemySphericalMonter.cpp
  CHelper.cpp
  CHero.cpp
  CHeroKnight.cpp
  CMusic.cpp
  CMusicTest.cpp
  CObjDependOnMusic.cpp
  CSceneGameplay.cpp
c:\game_2d\project\projectgame_v2\classes\cmusic.cpp(54): warning C4018: '<': signed/unsigned mismatch
c:\game_2d\project\projectgame_v2\classes\cmusic.cpp(131): warning C4018: '<': signed/unsigned mismatch
c:\game_2d\project\projectgame_v2\classes\canimateactor.cpp(129): warning C4018: '<': signed/unsigned mismatch
c:\game_2d\project\projectgame_v2\classes\canimateactor.cpp(132): warning C4018: '<': signed/unsigned mismatch
c:\game_2d\project\projectgame_v2\classes\canimateactor.cpp(151): warning C4018: '<': signed/unsigned mismatch
  HelloWorldScene.cpp
  main.cpp
     Creating library C:\Game_2d\project\projectGame_v2\proj.win32\Release.win32\projectGame_v2.lib and object C:\Game_2d\project\projectGame_v2\proj.win32\Release.win32\projectGame_v2.exp
  Generating code
  All 624 functions were compiled because no usable IPDB/IOBJ from previous compilation was found.
  Finished generating code
  projectGame_v2.vcxproj -> C:\Game_2d\project\projectGame_v2\proj.win32\Release.win32\projectGame_v2.exe
  Performing Custom Build Step
  C:\Game_2d\project\projectGame_v2\Resources\CloseNormal.png -> C:\Game_2d\project\projectGame_v2\proj.win32\Release.win32\Resources\CloseNormal.png
  C:\Game_2d\project\projectGame_v2\Resources\CloseSelected.png -> C:\Game_2d\project\projectGame_v2\proj.win32\Release.win32\Resources\CloseSelected.png
  C:\Game_2d\project\projectGame_v2\Resources\HelloWorld.png -> C:\Game_2d\project\projectGame_v2\proj.win32\Release.win32\Resources\HelloWorld.png
  C:\Game_2d\project\projectGame_v2\Resources\fonts\arial.ttf -> C:\Game_2d\project\projectGame_v2\proj.win32\Release.win32\Resources\fonts\arial.ttf
  C:\Game_2d\project\projectGame_v2\Resources\fonts\Marker Felt.ttf -> C:\Game_2d\project\projectGame_v2\proj.win32\Release.win32\Resources\fonts\Marker Felt.ttf
  C:\Game_2d\project\projectGame_v2\Resources\res\.gitkeep -> C:\Game_2d\project\projectGame_v2\proj.win32\Release.win32\Resources\res\.gitkeep
  C:\Game_2d\project\projectGame_v2\Resources\res\actor\enemy\spherical_monter\monster1.plist -> C:\Game_2d\project\projectGame_v2\proj.win32\Release.win32\Resources\res\actor\enemy\spherical_monter\monster1.plist
  C:\Game_2d\project\projectGame_v2\Resources\res\actor\enemy\spherical_monter\monster1.png -> C:\Game_2d\project\projectGame_v2\proj.win32\Release.win32\Resources\res\actor\enemy\spherical_monter\monster1.png
  C:\Game_2d\project\projectGame_v2\Resources\res\actor\hero\knight\buff_1\clown_export-buff_1_0.png -> C:\Game_2d\project\projectGame_v2\proj.win32\Release.win32\Resources\res\actor\hero\knight\buff_1\clown_export-buff_1_0.png
  C:\Game_2d\project\projectGame_v2\Resources\res\actor\hero\knight\buff_1\clown_export-buff_1_1.png -> C:\Game_2d\project\projectGame_v2\proj.win32\Release.win32\Resources\res\actor\hero\knight\buff_1\clown_export-buff_1_1.png
  C:\Game_2d\project\projectGame_v2\Resources\res\actor\hero\knight\buff_1\clown_export-buff_1_10.png -> C:\Game_2d\project\projectGame_v2\proj.win32\Release.win32\Resources\res\actor\hero\knight\buff_1\clown_export-buff_1_10.png
  C:\Game_2d\project\projectGame_v2\Resources\res\actor\hero\knight\buff_1\clown_export-buff_1_11.png -> C:\Game_2d\project\projectGame_v2\proj.win32\Release.win32\Resources\res\actor\hero\knight\buff_1\clown_export-buff_1_11.png
  C:\Game_2d\project\projectGame_v2\Resources\res\actor\hero\knight\buff_1\clown_export-buff_1_12.png -> C:\Game_2d\project\projectGame_v2\proj.win32\Release.win32\Resources\res\actor\hero\knight\buff_1\clown_export-buff_1_12.png
  C:\Game_2d\project\projectGame_v2\Resources\res\actor\hero\knight\buff_1\clown_export-buff_1_13.png -> C:\Game_2d\project\projectGame_v2\proj.win32\Release.win32\Resources\res\actor\hero\knight\buff_1\clown_export-buff_1_13.png
  C:\Game_2d\project\projectGame_v2\Resources\res\actor\hero\knight\buff_1\clown_export-buff_1_14.png -> C:\Game_2d\project\projectGame_v2\proj.win32\Release.win32\Resources\res\actor\hero\knight\buff_1\clown_export-buff_1_14.png
  C:\Game_2d\project\projectGame_v2\Resources\res\actor\hero\knight\buff_1\clown_export-buff_1_15.png -> C:\Game_2d\project\projectGame_v2\proj.win32\Release.win32\Resources\res\actor\hero\knight\buff_1\clown_export-buff_1_15.png
  C:\Game_2d\project\projectGame_v2\Resources\res\actor\hero\knight\buff_1\clown_export-buff_1_16.png -> C:\Game_2d\project\projectGame_v2\proj.win32\Release.win32\Resources\res\actor\hero\knight\buff_1\clown_export-buff_1_16.png
  C:\Game_2d\project\projectGame_v2\Resources\res\actor\hero\knight\buff_1\clown_export-buff_1_17.png -> C:\Game_2d\project\projectGame_v2\proj.win32\Release.win32\Resources\res\actor\hero\knight\buff_1\clown_export-buff_1_17.png
  C:\Game_2d\project\projectGame_v2\Resources\res\actor\hero\knight\buff_1\clown_export-buff_1_18.png -> C:\Game_2d\project\projectGame_v2\proj.win32\Release.win32\Resources\res\actor\hero\knight\buff_1\clown_export-buff_1_18.png
  C:\Game_2d\project\projectGame_v2\Resources\res\actor\hero\knight\buff_1\clown_export-buff_1_19.png -> C:\Game_2d\project\projectGame_v2\proj.win32\Release.win32\Resources\res\actor\hero\knight\buff_1\clown_export-buff_1_19.png
  C:\Game_2d\project\projectGame_v2\Resources\res\actor\hero\knight\buff_1\clown_export-buff_1_2.png -> C:\Game_2d\project\projectGame_v2\proj.win32\Release.win32\Resources\res\actor\hero\knight\buff_1\clown_export-buff_1_2.png
  C:\Game_2d\project\projectGame_v2\Resources\res\actor\hero\knight\buff_1\clown_export-buff_1_20.png -> C:\Game_2d\project\projectGame_v2\proj.win32\Release.win32\Resources\res\actor\hero\knight\buff_1\clown_export-buff_1_20.png
  C:\Game_2d\project\projectGame_v2\Resources\res\actor\hero\knight\buff_1\clown_export-buff_1_21.png -> C:\Game_2d\project\projectGame_v2\proj.win32\Release.win32\Resources\res\actor\hero\knight\buff_1\clown_export-buff_1_21.png
  C:\Game_2d\project\projectGame_v2\Resources\res\actor\hero\knight\buff_1\clown_export-buff_1_22.png -> C:\Game_2d\project\projectGame_v2\proj.win32\Release.win32\Resources\res\actor\hero\knight\buff_1\clown_export-buff_1_22.png
  C:\Game_2d\project\projectGame_v2\Resources\res\actor\hero\knight\buff_1\clown_export-buff_1_23.png -> C:\Game_2d\project\projectGame_v2\proj.win32\Release.win32\Resources\res\actor\hero\knight\buff_1\clown_export-buff_1_23.png
  C:\Game_2d\project\projectGame_v2\Resources\res\actor\hero\knight\buff_1\clown_export-buff_1_24.png -> C:\Game_2d\project\projectGame_v2\proj.win32\Release.win32\Resources\res\actor\hero\knight\buff_1\clown_export-buff_1_24.png
  C:\Game_2d\project\projectGame_v2\Resources\res\actor\hero\knight\buff_1\clown_export-buff_1_25.png -> C:\Game_2d\project\projectGame_v2\proj.win32\Release.win32\Resources\res\actor\hero\knight\buff_1\clown_export-buff_1_25.png
  C:\Game_2d\project\projectGame_v2\Resources\res\actor\hero\knight\buff_1\clown_export-buff_1_26.png -> C:\Game_2d\project\projectGame_v2\proj.win32\Release.win32\Resources\res\actor\hero\knight\buff_1\clown_export-buff_1_26.png
  C:\Game_2d\project\projectGame_v2\Resources\res\actor\hero\knight\buff_1\clown_export-buff_1_27.png -> C:\Game_2d\project\projectGame_v2\proj.win32\Release.win32\Resources\res\actor\hero\knight\buff_1\clown_export-buff_1_27.png
  C:\Game_2d\project\projectGame_v2\Resources\res\actor\hero\knight\buff_1\clown_export-buff_1_28.png -> C:\Game_2d\project\projectGame_v2\proj.win32\Release.win32\Resources\res\actor\hero\knight\buff_1\clown_export-buff_1_28.png
  C:\Game_2d\project\projectGame_v2\Resources\res\actor\hero\knight\buff_1\clown_export-buff_1_29.png -> C:\Game_2d\project\projectGame_v2\proj.win32\Release.win32\Resources\res\actor\hero\knight\buff_1\clown_export-buff_1_29.png
  C:\Game_2d\project\projectGame_v2\Resources\res\actor\hero\knight\buff_1\clown_export-buff_1_3.png -> C:\Game_2d\project\projectGame_v2\proj.win32\Release.win32\Resources\res\actor\hero\knight\buff_1\clown_export-buff_1_3.png
  C:\Game_2d\project\projectGame_v2\Resources\res\actor\hero\knight\buff_1\clown_export-buff_1_30.png -> C:\Game_2d\project\projectGame_v2\proj.win32\Release.win32\Resources\res\actor\hero\knight\buff_1\clown_export-buff_1_30.png
  C:\Game_2d\project\projectGame_v2\Resources\res\actor\hero\knight\buff_1\clown_export-buff_1_31.png -> C:\Game_2d\project\projectGame_v2\proj.win32\Release.win32\Resources\res\actor\hero\knight\buff_1\clown_export-buff_1_31.png
  C:\Game_2d\project\projectGame_v2\Resources\res\actor\hero\knight\buff_1\clown_export-buff_1_32.png -> C:\Game_2d\project\projectGame_v2\proj.win32\Release.win32\Resources\res\actor\hero\knight\buff_1\clown_export-buff_1_32.png
  C:\Game_2d\project\projectGame_v2\Resources\res\actor\hero\knight\buff_1\clown_export-buff_1_33.png -> C:\Game_2d\project\projectGame_v2\proj.win32\Release.win32\Resources\res\actor\hero\knight\buff_1\clown_export-buff_1_33.png
  C:\Game_2d\project\projectGame_v2\Resources\res\actor\hero\knight\buff_1\clown_export-buff_1_34.png -> C:\Game_2d\project\projectGame_v2\proj.win32\Release.win32\Resources\res\actor\hero\knight\buff_1\clown_export-buff_1_34.png
  C:\Game_2d\project\projectGame_v2\Resources\res\actor\hero\knight\buff_1\clown_export-buff_1_35.png -> C:\Game_2d\project\projectGame_v2\proj.win32\Release.win32\Resources\res\actor\hero\knight\buff_1\clown_export-buff_1_35.png
  C:\Game_2d\project\projectGame_v2\Resources\res\actor\hero\knight\buff_1\clown_export-buff_1_36.png -> C:\Game_2d\project\projectGame_v2\proj.win32\Release.win32\Resources\res\actor\hero\knight\buff_1\clown_export-buff_1_36.png
  C:\Game_2d\project\projectGame_v2\Resources\res\actor\hero\knight\buff_1\clown_export-buff_1_37.png -> C:\Game_2d\project\projectGame_v2\proj.win32\Release.win32\Resources\res\actor\hero\knight\buff_1\clown_export-buff_1_37.png
  C:\Game_2d\project\projectGame_v2\Resources\res\actor\hero\knight\buff_1\clown_export-buff_1_38.png -> C:\Game_2d\project\projectGame_v2\proj.win32\Release.win32\Resources\res\actor\hero\knight\buff_1\clown_export-buff_1_38.png
  C:\Game_2d\project\projectGame_v2\Resources\res\actor\hero\knight\buff_1\clown_export-buff_1_39.png -> C:\Game_2d\project\projectGame_v2\proj.win32\Release.win32\Resources\res\actor\hero\knight\buff_1\clown_export-buff_1_39.png
  C:\Game_2d\project\projectGame_v2\Resources\res\actor\hero\knight\buff_1\clown_export-buff_1_4.png -> C:\Game_2d\project\projectGame_v2\proj.win32\Release.win32\Resources\res\actor\hero\knight\buff_1\clown_export-buff_1_4.png
  C:\Game_2d\project\projectGame_v2\Resources\res\actor\hero\knight\buff_1\clown_export-buff_1_40.png -> C:\Game_2d\project\projectGame_v2\proj.win32\Release.win32\Resources\res\actor\hero\knight\buff_1\clown_export-buff_1_40.png
  C:\Game_2d\project\projectGame_v2\Resources\res\actor\hero\knight\buff_1\clown_export-buff_1_5.png -> C:\Game_2d\project\projectGame_v2\proj.win32\Release.win32\Resources\res\actor\hero\knight\buff_1\clown_export-buff_1_5.png
  C:\Game_2d\project\projectGame_v2\Resources\res\actor\hero\knight\buff_1\clown_export-buff_1_6.png -> C:\Game_2d\project\projectGame_v2\proj.win32\Release.win32\Resources\res\actor\hero\knight\buff_1\clown_export-buff_1_6.png
  C:\Game_2d\project\projectGame_v2\Resources\res\actor\hero\knight\buff_1\clown_export-buff_1_7.png -> C:\Game_2d\project\projectGame_v2\proj.win32\Release.win32\Resources\res\actor\hero\knight\buff_1\clown_export-buff_1_7.png
  C:\Game_2d\project\projectGame_v2\Resources\res\actor\hero\knight\buff_1\clown_export-buff_1_8.png -> C:\Game_2d\project\projectGame_v2\proj.win32\Release.win32\Resources\res\actor\hero\knight\buff_1\clown_export-buff_1_8.png
  C:\Game_2d\project\projectGame_v2\Resources\res\actor\hero\knight\buff_1\clown_export-buff_1_9.png -> C:\Game_2d\project\projectGame_v2\proj.win32\Release.win32\Resources\res\actor\hero\knight\buff_1\clown_export-buff_1_9.png
  C:\Game_2d\project\projectGame_v2\Resources\res\actor\hero\knight\buff_2\clown_export-buff_2_0.png -> C:\Game_2d\project\projectGame_v2\proj.win32\Release.win32\Resources\res\actor\hero\knight\buff_2\clown_export-buff_2_0.png
  C:\Game_2d\project\projectGame_v2\Resources\res\actor\hero\knight\buff_2\clown_export-buff_2_1.png -> C:\Game_2d\project\projectGame_v2\proj.win32\Release.win32\Resources\res\actor\hero\knight\buff_2\clown_export-buff_2_1.png
  C:\Game_2d\project\projectGame_v2\Resources\res\actor\hero\knight\buff_2\clown_export-buff_2_10.png -> C:\Game_2d\project\projectGame_v2\proj.win32\Release.win32\Resources\res\actor\hero\knight\buff_2\clown_export-buff_2_10.png
  C:\Game_2d\project\projectGame_v2\Resources\res\actor\hero\knight\buff_2\clown_export-buff_2_11.png -> C:\Game_2d\project\projectGame_v2\proj.win32\Release.win32\Resources\res\actor\hero\knight\buff_2\clown_export-buff_2_11.png
  C:\Game_2d\project\projectGame_v2\Resources\res\actor\hero\knight\buff_2\clown_export-buff_2_12.png -> C:\Game_2d\project\projectGame_v2\proj.win32\Release.win32\Resources\res\actor\hero\knight\buff_2\clown_export-buff_2_12.png
  C:\Game_2d\project\projectGame_v2\Resources\res\actor\hero\knight\buff_2\clown_export-buff_2_13.png -> C:\Game_2d\project\projectGame_v2\proj.win32\Release.win32\Resources\res\actor\hero\knight\buff_2\clown_export-buff_2_13.png
  C:\Game_2d\project\projectGame_v2\Resources\res\actor\hero\knight\buff_2\clown_export-buff_2_14.png -> C:\Game_2d\project\projectGame_v2\proj.win32\Release.win32\Resources\res\actor\hero\knight\buff_2\clown_export-buff_2_14.png
  C:\Game_2d\project\projectGame_v2\Resources\res\actor\hero\knight\buff_2\clown_export-buff_2_15.png -> C:\Game_2d\project\projectGame_v2\proj.win32\Release.win32\Resources\res\actor\hero\knight\buff_2\clown_export-buff_2_15.png
  C:\Game_2d\project\projectGame_v2\Resources\res\actor\hero\knight\buff_2\clown_export-buff_2_16.png -> C:\Game_2d\project\projectGame_v2\proj.win32\Release.win32\Resources\res\actor\hero\knight\buff_2\clown_export-buff_2_16.png
  C:\Game_2d\project\projectGame_v2\Resources\res\actor\hero\knight\buff_2\clown_export-buff_2_17.png -> C:\Game_2d\project\projectGame_v2\proj.win32\Release.win32\Resources\res\actor\hero\knight\buff_2\clown_export-buff_2_17.png
  C:\Game_2d\project\projectGame_v2\Resources\res\actor\hero\knight\buff_2\clown_export-buff_2_18.png -> C:\Game_2d\project\projectGame_v2\proj.win32\Release.win32\Resources\res\actor\hero\knight\buff_2\clown_export-buff_2_18.png
  C:\Game_2d\project\projectGame_v2\Resources\res\actor\hero\knight\buff_2\clown_export-buff_2_19.png -> C:\Game_2d\project\projectGame_v2\proj.win32\Release.win32\Resources\res\actor\hero\knight\buff_2\clown_export-buff_2_19.png
  C:\Game_2d\project\projectGame_v2\Resources\res\actor\hero\knight\buff_2\clown_export-buff_2_2.png -> C:\Game_2d\project\projectGame_v2\proj.win32\Release.win32\Resources\res\actor\hero\knight\buff_2\clown_export-buff_2_2.png
  C:\Game_2d\project\projectGame_v2\Resources\res\actor\hero\knight\buff_2\clown_export-buff_2_20.png -> C:\Game_2d\project\projectGame_v2\proj.win32\Release.win32\Resources\res\actor\hero\knight\buff_2\clown_export-buff_2_20.png
  C:\Game_2d\project\projectGame_v2\Resources\res\actor\hero\knight\buff_2\clown_export-buff_2_21.png -> C:\Game_2d\project\projectGame_v2\proj.win32\Release.win32\Resources\res\actor\hero\knight\buff_2\clown_export-buff_2_21.png
  C:\Game_2d\project\projectGame_v2\Resources\res\actor\hero\knight\buff_2\clown_export-buff_2_22.png -> C:\Game_2d\project\projectGame_v2\proj.win32\Release.win32\Resources\res\actor\hero\knight\buff_2\clown_export-buff_2_22.png
  C:\Game_2d\project\projectGame_v2\Resources\res\actor\hero\knight\buff_2\clown_export-buff_2_23.png -> C:\Game_2d\project\projectGame_v2\proj.win32\Release.win32\Resources\res\actor\hero\knight\buff_2\clown_export-buff_2_23.png
  C:\Game_2d\project\projectGame_v2\Resources\res\actor\hero\knight\buff_2\clown_export-buff_2_24.png -> C:\Game_2d\project\projectGame_v2\proj.win32\Release.win32\Resources\res\actor\hero\knight\buff_2\clown_export-buff_2_24.png
  C:\Game_2d\project\projectGame_v2\Resources\res\actor\hero\knight\buff_2\clown_export-buff_2_25.png -> C:\Game_2d\project\projectGame_v2\proj.win32\Release.win32\Resources\res\actor\hero\knight\buff_2\clown_export-buff_2_25.png
  C:\Game_2d\project\projectGame_v2\Resources\res\actor\hero\knight\buff_2\clown_export-buff_2_26.png -> C:\Game_2d\project\projectGame_v2\proj.win32\Release.win32\Resources\res\actor\hero\knight\buff_2\clown_export-buff_2_26.png
  C:\Game_2d\project\projectGame_v2\Resources\res\actor\hero\knight\buff_2\clown_export-buff_2_27.png -> C:\Game_2d\project\projectGame_v2\proj.win32\Release.win32\Resources\res\actor\hero\knight\buff_2\clown_export-buff_2_27.png
  C:\Game_2d\project\projectGame_v2\Resources\res\actor\hero\knight\buff_2\clown_export-buff_2_28.png -> C:\Game_2d\project\projectGame_v2\proj.win32\Release.win32\Resources\res\actor\hero\knight\buff_2\clown_export-buff_2_28.png
  C:\Game_2d\project\projectGame_v2\Resources\res\actor\hero\knight\buff_2\clown_export-buff_2_29.png -> C:\Game_2d\project\projectGame_v2\proj.win32\Release.win32\Resources\res\actor\hero\knight\buff_2\clown_export-buff_2_29.png
  C:\Game_2d\project\projectGame_v2\Resources\res\actor\hero\knight\buff_2\clown_export-buff_2_3.png -> C:\Game_2d\project\projectGame_v2\proj.win32\Release.win32\Resources\res\actor\hero\knight\buff_2\clown_export-buff_2_3.png
  C:\Game_2d\project\projectGame_v2\Resources\res\actor\hero\knight\buff_2\clown_export-buff_2_30.png -> C:\Game_2d\project\projectGame_v2\proj.win32\Release.win32\Resources\res\actor\hero\knight\buff_2\clown_export-buff_2_30.png
  C:\Game_2d\project\projectGame_v2\Resources\res\actor\hero\knight\buff_2\clown_export-buff_2_31.png -> C:\Game_2d\project\projectGame_v2\proj.win32\Release.win32\Resources\res\actor\hero\knight\buff_2\clown_export-buff_2_31.png
  C:\Game_2d\project\projectGame_v2\Resources\res\actor\hero\knight\buff_2\clown_export-buff_2_32.png -> C:\Game_2d\project\projectGame_v2\proj.win32\Release.win32\Resources\res\actor\hero\knight\buff_2\clown_export-buff_2_32.png
  C:\Game_2d\project\projectGame_v2\Resources\res\actor\hero\knight\buff_2\clown_export-buff_2_33.png -> C:\Game_2d\project\projectGame_v2\proj.win32\Release.win32\Resources\res\actor\hero\knight\buff_2\clown_export-buff_2_33.png
  C:\Game_2d\project\projectGame_v2\Resources\res\actor\hero\knight\buff_2\clown_export-buff_2_34.png -> C:\Game_2d\project\projectGame_v2\proj.win32\Release.win32\Resources\res\actor\hero\knight\buff_2\clown_export-buff_2_34.png
  C:\Game_2d\project\projectGame_v2\Resources\res\actor\hero\knight\buff_2\clown_export-buff_2_35.png -> C:\Game_2d\project\projectGame_v2\proj.win32\Release.win32\Resources\res\actor\hero\knight\buff_2\clown_export-buff_2_35.png
  C:\Game_2d\project\projectGame_v2\Resources\res\actor\hero\knight\buff_2\clown_export-buff_2_36.png -> C:\Game_2d\project\projectGame_v2\proj.win32\Release.win32\Resources\res\actor\hero\knight\buff_2\clown_export-buff_2_36.png
  C:\Game_2d\project\projectGame_v2\Resources\res\actor\hero\knight\buff_2\clown_export-buff_2_37.png -> C:\Game_2d\project\projectGame_v2\proj.win32\Release.win32\Resources\res\actor\hero\knight\buff_2\clown_export-buff_2_37.png
  C:\Game_2d\project\projectGame_v2\Resources\res\actor\hero\knight\buff_2\clown_export-buff_2_38.png -> C:\Game_2d\project\projectGame_v2\proj.win32\Release.win32\Resources\res\actor\hero\knight\buff_2\clown_export-buff_2_38.png
  C:\Game_2d\project\projectGame_v2\Resources\res\actor\hero\knight\buff_2\clown_export-buff_2_39.png -> C:\Game_2d\project\projectGame_v2\proj.win32\Release.win32\Resources\res\actor\hero\knight\buff_2\clown_export-buff_2_39.png
  C:\Game_2d\project\projectGame_v2\Resources\res\actor\hero\knight\buff_2\clown_export-buff_2_4.png -> C:\Game_2d\project\projectGame_v2\proj.win32\Release.win32\Resources\res\actor\hero\knight\buff_2\clown_export-buff_2_4.png
  C:\Game_2d\project\projectGame_v2\Resources\res\actor\hero\knight\buff_2\clown_export-buff_2_40.png -> C:\Game_2d\project\projectGame_v2\proj.win32\Release.win32\Resources\res\actor\hero\knight\buff_2\clown_export-buff_2_40.png
  C:\Game_2d\project\projectGame_v2\Resources\res\actor\hero\knight\buff_2\clown_export-buff_2_41.png -> C:\Game_2d\project\projectGame_v2\proj.win32\Release.win32\Resources\res\actor\hero\knight\buff_2\clown_export-buff_2_41.png
  C:\Game_2d\project\projectGame_v2\Resources\res\actor\hero\knight\buff_2\clown_export-buff_2_42.png -> C:\Game_2d\project\projectGame_v2\proj.win32\Release.win32\Resources\res\actor\hero\knight\buff_2\clown_export-buff_2_42.png
  C:\Game_2d\project\projectGame_v2\Resources\res\actor\hero\knight\buff_2\clown_export-buff_2_43.png -> C:\Game_2d\project\projectGame_v2\proj.win32\Release.win32\Resources\res\actor\hero\knight\buff_2\clown_export-buff_2_43.png
  C:\Game_2d\project\projectGame_v2\Resources\res\actor\hero\knight\buff_2\clown_export-buff_2_44.png -> C:\Game_2d\project\projectGame_v2\proj.win32\Release.win32\Resources\res\actor\hero\knight\buff_2\clown_export-buff_2_44.png
  C:\Game_2d\project\projectGame_v2\Resources\res\actor\hero\knight\buff_2\clown_export-buff_2_45.png -> C:\Game_2d\project\projectGame_v2\proj.win32\Release.win32\Resources\res\actor\hero\knight\buff_2\clown_export-buff_2_45.png
  C:\Game_2d\project\projectGame_v2\Resources\res\actor\hero\knight\buff_2\clown_export-buff_2_46.png -> C:\Game_2d\project\projectGame_v2\proj.win32\Release.win32\Resources\res\actor\hero\knight\buff_2\clown_export-buff_2_46.png
  C:\Game_2d\project\projectGame_v2\Resources\res\actor\hero\knight\buff_2\clown_export-buff_2_47.png -> C:\Game_2d\project\projectGame_v2\proj.win32\Release.win32\Resources\res\actor\hero\knight\buff_2\clown_export-buff_2_47.png
  C:\Game_2d\project\projectGame_v2\Resources\res\actor\hero\knight\buff_2\clown_export-buff_2_48.png -> C:\Game_2d\project\projectGame_v2\proj.win32\Release.win32\Resources\res\actor\hero\knight\buff_2\clown_export-buff_2_48.png
  C:\Game_2d\project\projectGame_v2\Resources\res\actor\hero\knight\buff_2\clown_export-buff_2_49.png -> C:\Game_2d\project\projectGame_v2\proj.win32\Release.win32\Resources\res\actor\hero\knight\buff_2\clown_export-buff_2_49.png
  C:\Game_2d\project\projectGame_v2\Resources\res\actor\hero\knight\buff_2\clown_export-buff_2_5.png -> C:\Game_2d\project\projectGame_v2\proj.win32\Release.win32\Resources\res\actor\hero\knight\buff_2\clown_export-buff_2_5.png
  C:\Game_2d\project\projectGame_v2\Resources\res\actor\hero\knight\buff_2\clown_export-buff_2_50.png -> C:\Game_2d\project\projectGame_v2\proj.win32\Release.win32\Resources\res\actor\hero\knight\buff_2\clown_export-buff_2_50.png
  C:\Game_2d\project\projectGame_v2\Resources\res\actor\hero\knight\buff_2\clown_export-buff_2_51.png -> C:\Game_2d\project\projectGame_v2\proj.win32\Release.win32\Resources\res\actor\hero\knight\buff_2\clown_export-buff_2_51.png
  C:\Game_2d\project\projectGame_v2\Resources\res\actor\hero\knight\buff_2\clown_export-buff_2_6.png -> C:\Game_2d\project\projectGame_v2\proj.win32\Release.win32\Resources\res\actor\hero\knight\buff_2\clown_export-buff_2_6.png
  C:\Game_2d\project\projectGame_v2\Resources\res\actor\hero\knight\buff_2\clown_export-buff_2_7.png -> C:\Game_2d\project\projectGame_v2\proj.win32\Release.win32\Resources\res\actor\hero\knight\buff_2\clown_export-buff_2_7.png
  C:\Game_2d\project\projectGame_v2\Resources\res\actor\hero\knight\buff_2\clown_export-buff_2_8.png -> C:\Game_2d\project\projectGame_v2\proj.win32\Release.win32\Resources\res\actor\hero\knight\buff_2\clown_export-buff_2_8.png
  C:\Game_2d\project\projectGame_v2\Resources\res\actor\hero\knight\buff_2\clown_export-buff_2_9.png -> C:\Game_2d\project\projectGame_v2\proj.win32\Release.win32\Resources\res\actor\hero\knight\buff_2\clown_export-buff_2_9.png
  C:\Game_2d\project\projectGame_v2\Resources\res\actor\hero\knight\buff_3\clown_export-buff_3_0.png -> C:\Game_2d\project\projectGame_v2\proj.win32\Release.win32\Resources\res\actor\hero\knight\buff_3\clown_export-buff_3_0.png
  C:\Game_2d\project\projectGame_v2\Resources\res\actor\hero\knight\buff_3\clown_export-buff_3_1.png -> C:\Game_2d\project\projectGame_v2\proj.win32\Release.win32\Resources\res\actor\hero\knight\buff_3\clown_export-buff_3_1.png
  C:\Game_2d\project\projectGame_v2\Resources\res\actor\hero\knight\buff_3\clown_export-buff_3_10.png -> C:\Game_2d\project\projectGame_v2\proj.win32\Release.win32\Resources\res\actor\hero\knight\buff_3\clown_export-buff_3_10.png
  C:\Game_2d\project\projectGame_v2\Resources\res\actor\hero\knight\buff_3\clown_export-buff_3_11.png -> C:\Game_2d\project\projectGame_v2\proj.win32\Release.win32\Resources\res\actor\hero\knight\buff_3\clown_export-buff_3_11.png
  C:\Game_2d\project\projectGame_v2\Resources\res\actor\hero\knight\buff_3\clown_export-buff_3_12.png -> C:\Game_2d\project\projectGame_v2\proj.win32\Release.win32\Resources\res\actor\hero\knight\buff_3\clown_export-buff_3_12.png
  C:\Game_2d\project\projectGame_v2\Resources\res\actor\hero\knight\buff_3\clown_export-buff_3_13.png -> C:\Game_2d\project\projectGame_v2\proj.win32\Release.win32\Resources\res\actor\hero\knight\buff_3\clown_export-buff_3_13.png
  C:\Game_2d\project\projectGame_v2\Resources\res\actor\hero\knight\buff_3\clown_export-buff_3_14.png -> C:\Game_2d\project\projectGame_v2\proj.win32\Release.win32\Resources\res\actor\hero\knight\buff_3\clown_export-buff_3_14.png
  C:\Game_2d\project\projectGame_v2\Resources\res\actor\hero\knight\buff_3\clown_export-buff_3_15.png -> C:\Game_2d\project\projectGame_v2\proj.win32\Release.win32\Resources\res\actor\hero\knight\buff_3\clown_export-buff_3_15.png
  C:\Game_2d\project\projectGame_v2\Resources\res\actor\hero\knight\buff_3\clown_export-buff_3_16.png -> C:\Game_2d\project\projectGame_v2\proj.win32\Release.win32\Resources\res\actor\hero\knight\buff_3\clown_export-buff_3_16.png
  C:\Game_2d\project\projectGame_v2\Resources\res\actor\hero\knight\buff_3\clown_export-buff_3_17.png -> C:\Game_2d\project\projectGame_v2\proj.win32\Release.win32\Resources\res\actor\hero\knight\buff_3\clown_export-buff_3_17.png
  C:\Game_2d\project\projectGame_v2\Resources\res\actor\hero\knight\buff_3\clown_export-buff_3_18.png -> C:\Game_2d\project\projectGame_v2\proj.win32\Release.win32\Resources\res\actor\hero\knight\buff_3\clown_export-buff_3_18.png
  C:\Game_2d\project\projectGame_v2\Resources\res\actor\hero\knight\buff_3\clown_export-buff_3_19.png -> C:\Game_2d\project\projectGame_v2\proj.win32\Release.win32\Resources\res\actor\hero\knight\buff_3\clown_export-buff_3_19.png
  C:\Game_2d\project\projectGame_v2\Resources\res\actor\hero\knight\buff_3\clown_export-buff_3_2.png -> C:\Game_2d\project\projectGame_v2\proj.win32\Release.win32\Resources\res\actor\hero\knight\buff_3\clown_export-buff_3_2.png
  C:\Game_2d\project\projectGame_v2\Resources\res\actor\hero\knight\buff_3\clown_export-buff_3_20.png -> C:\Game_2d\project\projectGame_v2\proj.win32\Release.win32\Resources\res\actor\hero\knight\buff_3\clown_export-buff_3_20.png
  C:\Game_2d\project\projectGame_v2\Resources\res\actor\hero\knight\buff_3\clown_export-buff_3_21.png -> C:\Game_2d\project\projectGame_v2\proj.win32\Release.win32\Resources\res\actor\hero\knight\buff_3\clown_export-buff_3_21.png
  C:\Game_2d\project\projectGame_v2\Resources\res\actor\hero\knight\buff_3\clown_export-buff_3_22.png -> C:\Game_2d\project\projectGame_v2\proj.win32\Release.win32\Resources\res\actor\hero\knight\buff_3\clown_export-buff_3_22.png
  C:\Game_2d\project\projectGame_v2\Resources\res\actor\hero\knight\buff_3\clown_export-buff_3_23.png -> C:\Game_2d\project\projectGame_v2\proj.win32\Release.win32\Resources\res\actor\hero\knight\buff_3\clown_export-buff_3_23.png
  C:\Game_2d\project\projectGame_v2\Resources\res\actor\hero\knight\buff_3\clown_export-buff_3_24.png -> C:\Game_2d\project\projectGame_v2\proj.win32\Release.win32\Resources\res\actor\hero\knight\buff_3\clown_export-buff_3_24.png
  C:\Game_2d\project\projectGame_v2\Resources\res\actor\hero\knight\buff_3\clown_export-buff_3_25.png -> C:\Game_2d\project\projectGame_v2\proj.win32\Release.win32\Resources\res\actor\hero\knight\buff_3\clown_export-buff_3_25.png
  C:\Game_2d\project\projectGame_v2\Resources\res\actor\hero\knight\buff_3\clown_export-buff_3_26.png -> C:\Game_2d\project\projectGame_v2\proj.win32\Release.win32\Resources\res\actor\hero\knight\buff_3\clown_export-buff_3_26.png
  C:\Game_2d\project\projectGame_v2\Resources\res\actor\hero\knight\buff_3\clown_export-buff_3_27.png -> C:\Game_2d\project\projectGame_v2\proj.win32\Release.win32\Resources\res\actor\hero\knight\buff_3\clown_export-buff_3_27.png
  C:\Game_2d\project\projectGame_v2\Resources\res\actor\hero\knight\buff_3\clown_export-buff_3_28.png -> C:\Game_2d\project\projectGame_v2\proj.win32\Release.win32\Resources\res\actor\hero\knight\buff_3\clown_export-buff_3_28.png
  C:\Game_2d\project\projectGame_v2\Resources\res\actor\hero\knight\buff_3\clown_export-buff_3_29.png -> C:\Game_2d\project\projectGame_v2\proj.win32\Release.win32\Resources\res\actor\hero\knight\buff_3\clown_export-buff_3_29.png
  C:\Game_2d\project\projectGame_v2\Resources\res\actor\hero\knight\buff_3\clown_export-buff_3_3.png -> C:\Game_2d\project\projectGame_v2\proj.win32\Release.win32\Resources\res\actor\hero\knight\buff_3\clown_export-buff_3_3.png
  C:\Game_2d\project\projectGame_v2\Resources\res\actor\hero\knight\buff_3\clown_export-buff_3_30.png -> C:\Game_2d\project\projectGame_v2\proj.win32\Release.win32\Resources\res\actor\hero\knight\buff_3\clown_export-buff_3_30.png
  C:\Game_2d\project\projectGame_v2\Resources\res\actor\hero\knight\buff_3\clown_export-buff_3_31.png -> C:\Game_2d\project\projectGame_v2\proj.win32\Release.win32\Resources\res\actor\hero\knight\buff_3\clown_export-buff_3_31.png
  C:\Game_2d\project\projectGame_v2\Resources\res\actor\hero\knight\buff_3\clown_export-buff_3_32.png -> C:\Game_2d\project\projectGame_v2\proj.win32\Release.win32\Resources\res\actor\hero\knight\buff_3\clown_export-buff_3_32.png
  C:\Game_2d\project\projectGame_v2\Resources\res\actor\hero\knight\buff_3\clown_export-buff_3_33.png -> C:\Game_2d\project\projectGame_v2\proj.win32\Release.win32\Resources\res\actor\hero\knight\buff_3\clown_export-buff_3_33.png
  C:\Game_2d\project\projectGame_v2\Resources\res\actor\hero\knight\buff_3\clown_export-buff_3_34.png -> C:\Game_2d\project\projectGame_v2\proj.win32\Release.win32\Resources\res\actor\hero\knight\buff_3\clown_export-buff_3_34.png
  C:\Game_2d\project\projectGame_v2\Resources\res\actor\hero\knight\buff_3\clown_export-buff_3_35.png -> C:\Game_2d\project\projectGame_v2\proj.win32\Release.win32\Resources\res\actor\hero\knight\buff_3\clown_export-buff_3_35.png
  C:\Game_2d\project\projectGame_v2\Resources\res\actor\hero\knight\buff_3\clown_export-buff_3_36.png -> C:\Game_2d\project\projectGame_v2\proj.win32\Release.win32\Resources\res\actor\hero\knight\buff_3\clown_export-buff_3_36.png
  C:\Game_2d\project\projectGame_v2\Resources\res\actor\hero\knight\buff_3\clown_export-buff_3_37.png -> C:\Game_2d\project\projectGame_v2\proj.win32\Release.win32\Resources\res\actor\hero\knight\buff_3\clown_export-buff_3_37.png
  C:\Game_2d\project\projectGame_v2\Resources\res\actor\hero\knight\buff_3\clown_export-buff_3_38.png -> C:\Game_2d\project\projectGame_v2\proj.win32\Release.win32\Resources\res\actor\hero\knight\buff_3\clown_export-buff_3_38.png
  C:\Game_2d\project\projectGame_v2\Resources\res\actor\hero\knight\buff_3\clown_export-buff_3_39.png -> C:\Game_2d\project\projectGame_v2\proj.win32\Release.win32\Resources\res\actor\hero\knight\buff_3\clown_export-buff_3_39.png
  C:\Game_2d\project\projectGame_v2\Resources\res\actor\hero\knight\buff_3\clown_export-buff_3_4.png -> C:\Game_2d\project\projectGame_v2\proj.win32\Release.win32\Resources\res\actor\hero\knight\buff_3\clown_export-buff_3_4.png
  C:\Game_2d\project\projectGame_v2\Resources\res\actor\hero\knight\buff_3\clown_export-buff_3_40.png -> C:\Game_2d\project\projectGame_v2\proj.win32\Release.win32\Resources\res\actor\hero\knight\buff_3\clown_export-buff_3_40.png
  C:\Game_2d\project\projectGame_v2\Resources\res\actor\hero\knight\buff_3\clown_export-buff_3_41.png -> C:\Game_2d\project\projectGame_v2\proj.win32\Release.win32\Resources\res\actor\hero\knight\buff_3\clown_export-buff_3_41.png
  C:\Game_2d\project\projectGame_v2\Resources\res\actor\hero\knight\buff_3\clown_export-buff_3_42.png -> C:\Game_2d\project\projectGame_v2\proj.win32\Release.win32\Resources\res\actor\hero\knight\buff_3\clown_export-buff_3_42.png
  C:\Game_2d\project\projectGame_v2\Resources\res\actor\hero\knight\buff_3\clown_export-buff_3_43.png -> C:\Game_2d\project\projectGame_v2\proj.win32\Release.win32\Resources\res\actor\hero\knight\buff_3\clown_export-buff_3_43.png
  C:\Game_2d\project\projectGame_v2\Resources\res\actor\hero\knight\buff_3\clown_export-buff_3_44.png -> C:\Game_2d\project\projectGame_v2\proj.win32\Release.win32\Resources\res\actor\hero\knight\buff_3\clown_export-buff_3_44.png
  C:\Game_2d\project\projectGame_v2\Resources\res\actor\hero\knight\buff_3\clown_export-buff_3_45.png -> C:\Game_2d\project\projectGame_v2\proj.win32\Release.win32\Resources\res\actor\hero\knight\buff_3\clown_export-buff_3_45.png
  C:\Game_2d\project\projectGame_v2\Resources\res\actor\hero\knight\buff_3\clown_export-buff_3_46.png -> C:\Game_2d\project\projectGame_v2\proj.win32\Release.win32\Resources\res\actor\hero\knight\buff_3\clown_export-buff_3_46.png
  C:\Game_2d\project\projectGame_v2\Resources\res\actor\hero\knight\buff_3\clown_export-buff_3_47.png -> C:\Game_2d\project\projectGame_v2\proj.win32\Release.win32\Resources\res\actor\hero\knight\buff_3\clown_export-buff_3_47.png
  C:\Game_2d\project\projectGame_v2\Resources\res\actor\hero\knight\buff_3\clown_export-buff_3_48.png -> C:\Game_2d\project\projectGame_v2\proj.win32\Release.win32\Resources\res\actor\hero\knight\buff_3\clown_export-buff_3_48.png
  C:\Game_2d\project\projectGame_v2\Resources\res\actor\hero\knight\buff_3\clown_export-buff_3_49.png -> C:\Game_2d\project\projectGame_v2\proj.win32\Release.win32\Resources\res\actor\hero\knight\buff_3\clown_export-buff_3_49.png
  C:\Game_2d\project\projectGame_v2\Resources\res\actor\hero\knight\buff_3\clown_export-buff_3_5.png -> C:\Game_2d\project\projectGame_v2\proj.win32\Release.win32\Resources\res\actor\hero\knight\buff_3\clown_export-buff_3_5.png
  C:\Game_2d\project\projectGame_v2\Resources\res\actor\hero\knight\buff_3\clown_export-buff_3_50.png -> C:\Game_2d\project\projectGame_v2\proj.win32\Release.win32\Resources\res\actor\hero\knight\buff_3\clown_export-buff_3_50.png
  C:\Game_2d\project\projectGame_v2\Resources\res\actor\hero\knight\buff_3\clown_export-buff_3_51.png -> C:\Game_2d\project\projectGame_v2\proj.win32\Release.win32\Resources\res\actor\hero\knight\buff_3\clown_export-buff_3_51.png
  C:\Game_2d\project\projectGame_v2\Resources\res\actor\hero\knight\buff_3\clown_export-buff_3_52.png -> C:\Game_2d\project\projectGame_v2\proj.win32\Release.win32\Resources\res\actor\hero\knight\buff_3\clown_export-buff_3_52.png
  C:\Game_2d\project\projectGame_v2\Resources\res\actor\hero\knight\buff_3\clown_export-buff_3_53.png -> C:\Game_2d\project\projectGame_v2\proj.win32\Release.win32\Resources\res\actor\hero\knight\buff_3\clown_export-buff_3_53.png
  C:\Game_2d\project\projectGame_v2\Resources\res\actor\hero\knight\buff_3\clown_export-buff_3_6.png -> C:\Game_2d\project\projectGame_v2\proj.win32\Release.win32\Resources\res\actor\hero\knight\buff_3\clown_export-buff_3_6.png
  C:\Game_2d\project\projectGame_v2\Resources\res\actor\hero\knight\buff_3\clown_export-buff_3_7.png -> C:\Game_2d\project\projectGame_v2\proj.win32\Release.win32\Resources\res\actor\hero\knight\buff_3\clown_export-buff_3_7.png
  C:\Game_2d\project\projectGame_v2\Resources\res\actor\hero\knight\buff_3\clown_export-buff_3_8.png -> C:\Game_2d\project\projectGame_v2\proj.win32\Release.win32\Resources\res\actor\hero\knight\buff_3\clown_export-buff_3_8.png
  C:\Game_2d\project\projectGame_v2\Resources\res\actor\hero\knight\buff_3\clown_export-buff_3_9.png -> C:\Game_2d\project\projectGame_v2\proj.win32\Release.win32\Resources\res\actor\hero\knight\buff_3\clown_export-buff_3_9.png
  C:\Game_2d\project\projectGame_v2\Resources\res\actor\hero\knight\dead\clown_export-dead_0.png -> C:\Game_2d\project\projectGame_v2\proj.win32\Release.win32\Resources\res\actor\hero\knight\dead\clown_export-dead_0.png
  C:\Game_2d\project\projectGame_v2\Resources\res\actor\hero\knight\dead\clown_export-dead_1.png -> C:\Game_2d\project\projectGame_v2\proj.win32\Release.win32\Resources\res\actor\hero\knight\dead\clown_export-dead_1.png
  C:\Game_2d\project\projectGame_v2\Resources\res\actor\hero\knight\dead\clown_export-dead_10.png -> C:\Game_2d\project\projectGame_v2\proj.win32\Release.win32\Resources\res\actor\hero\knight\dead\clown_export-dead_10.png
  C:\Game_2d\project\projectGame_v2\Resources\res\actor\hero\knight\dead\clown_export-dead_11.png -> C:\Game_2d\project\projectGame_v2\proj.win32\Release.win32\Resources\res\actor\hero\knight\dead\clown_export-dead_11.png
  C:\Game_2d\project\projectGame_v2\Resources\res\actor\hero\knight\dead\clown_export-dead_12.png -> C:\Game_2d\project\projectGame_v2\proj.win32\Release.win32\Resources\res\actor\hero\knight\dead\clown_export-dead_12.png
  C:\Game_2d\project\projectGame_v2\Resources\res\actor\hero\knight\dead\clown_export-dead_13.png -> C:\Game_2d\project\projectGame_v2\proj.win32\Release.win32\Resources\res\actor\hero\knight\dead\clown_export-dead_13.png
  C:\Game_2d\project\projectGame_v2\Resources\res\actor\hero\knight\dead\clown_export-dead_14.png -> C:\Game_2d\project\projectGame_v2\proj.win32\Release.win32\Resources\res\actor\hero\knight\dead\clown_export-dead_14.png
  C:\Game_2d\project\projectGame_v2\Resources\res\actor\hero\knight\dead\clown_export-dead_15.png -> C:\Game_2d\project\projectGame_v2\proj.win32\Release.win32\Resources\res\actor\hero\knight\dead\clown_export-dead_15.png
  C:\Game_2d\project\projectGame_v2\Resources\res\actor\hero\knight\dead\clown_export-dead_16.png -> C:\Game_2d\project\projectGame_v2\proj.win32\Release.win32\Resources\res\actor\hero\knight\dead\clown_export-dead_16.png
  C:\Game_2d\project\projectGame_v2\Resources\res\actor\hero\knight\dead\clown_export-dead_17.png -> C:\Game_2d\project\projectGame_v2\proj.win32\Release.win32\Resources\res\actor\hero\knight\dead\clown_export-dead_17.png
  C:\Game_2d\project\projectGame_v2\Resources\res\actor\hero\knight\dead\clown_export-dead_18.png -> C:\Game_2d\project\projectGame_v2\proj.win32\Release.win32\Resources\res\actor\hero\knight\dead\clown_export-dead_18.png
  C:\Game_2d\project\projectGame_v2\Resources\res\actor\hero\knight\dead\clown_export-dead_19.png -> C:\Game_2d\project\projectGame_v2\proj.win32\Release.win32\Resources\res\actor\hero\knight\dead\clown_export-dead_19.png
  C:\Game_2d\project\projectGame_v2\Resources\res\actor\hero\knight\dead\clown_export-dead_2.png -> C:\Game_2d\project\projectGame_v2\proj.win32\Release.win32\Resources\res\actor\hero\knight\dead\clown_export-dead_2.png
  C:\Game_2d\project\projectGame_v2\Resources\res\actor\hero\knight\dead\clown_export-dead_20.png -> C:\Game_2d\project\projectGame_v2\proj.win32\Release.win32\Resources\res\actor\hero\knight\dead\clown_export-dead_20.png
  C:\Game_2d\project\projectGame_v2\Resources\res\actor\hero\knight\dead\clown_export-dead_21.png -> C:\Game_2d\project\projectGame_v2\proj.win32\Release.win32\Resources\res\actor\hero\knight\dead\clown_export-dead_21.png
  C:\Game_2d\project\projectGame_v2\Resources\res\actor\hero\knight\dead\clown_export-dead_22.png -> C:\Game_2d\project\projectGame_v2\proj.win32\Release.win32\Resources\res\actor\hero\knight\dead\clown_export-dead_22.png
  C:\Game_2d\project\projectGame_v2\Resources\res\actor\hero\knight\dead\clown_export-dead_23.png -> C:\Game_2d\project\projectGame_v2\proj.win32\Release.win32\Resources\res\actor\hero\knight\dead\clown_export-dead_23.png
  C:\Game_2d\project\projectGame_v2\Resources\res\actor\hero\knight\dead\clown_export-dead_24.png -> C:\Game_2d\project\projectGame_v2\proj.win32\Release.win32\Resources\res\actor\hero\knight\dead\clown_export-dead_24.png
  C:\Game_2d\project\projectGame_v2\Resources\res\actor\hero\knight\dead\clown_export-dead_25.png -> C:\Game_2d\project\projectGame_v2\proj.win32\Release.win32\Resources\res\actor\hero\knight\dead\clown_export-dead_25.png
  C:\Game_2d\project\projectGame_v2\Resources\res\actor\hero\knight\dead\clown_export-dead_26.png -> C:\Game_2d\project\projectGame_v2\proj.win32\Release.win32\Resources\res\actor\hero\knight\dead\clown_export-dead_26.png
  C:\Game_2d\project\projectGame_v2\Resources\res\actor\hero\knight\dead\clown_export-dead_27.png -> C:\Game_2d\project\projectGame_v2\proj.win32\Release.win32\Resources\res\actor\hero\knight\dead\clown_export-dead_27.png
  C:\Game_2d\project\projectGame_v2\Resources\res\actor\hero\knight\dead\clown_export-dead_28.png -> C:\Game_2d\project\projectGame_v2\proj.win32\Release.win32\Resources\res\actor\hero\knight\dead\clown_export-dead_28.png
  C:\Game_2d\project\projectGame_v2\Resources\res\actor\hero\knight\dead\clown_export-dead_29.png -> C:\Game_2d\project\projectGame_v2\proj.win32\Release.win32\Resources\res\actor\hero\knight\dead\clown_export-dead_29.png
  C:\Game_2d\project\projectGame_v2\Resources\res\actor\hero\knight\dead\clown_export-dead_3.png -> C:\Game_2d\project\projectGame_v2\proj.win32\Release.win32\Resources\res\actor\hero\knight\dead\clown_export-dead_3.png
  C:\Game_2d\project\projectGame_v2\Resources\res\actor\hero\knight\dead\clown_export-dead_30.png -> C:\Game_2d\project\projectGame_v2\proj.win32\Release.win32\Resources\res\actor\hero\knight\dead\clown_export-dead_30.png
  C:\Game_2d\project\projectGame_v2\Resources\res\actor\hero\knight\dead\clown_export-dead_31.png -> C:\Game_2d\project\projectGame_v2\proj.win32\Release.win32\Resources\res\actor\hero\knight\dead\clown_export-dead_31.png
  C:\Game_2d\project\projectGame_v2\Resources\res\actor\hero\knight\dead\clown_export-dead_32.png -> C:\Game_2d\project\projectGame_v2\proj.win32\Release.win32\Resources\res\actor\hero\knight\dead\clown_export-dead_32.png
  C:\Game_2d\project\projectGame_v2\Resources\res\actor\hero\knight\dead\clown_export-dead_33.png -> C:\Game_2d\project\projectGame_v2\proj.win32\Release.win32\Resources\res\actor\hero\knight\dead\clown_export-dead_33.png
  C:\Game_2d\project\projectGame_v2\Resources\res\actor\hero\knight\dead\clown_export-dead_34.png -> C:\Game_2d\project\projectGame_v2\proj.win32\Release.win32\Resources\res\actor\hero\knight\dead\clown_export-dead_34.png
  C:\Game_2d\project\projectGame_v2\Resources\res\actor\hero\knight\dead\clown_export-dead_35.png -> C:\Game_2d\project\projectGame_v2\proj.win32\Release.win32\Resources\res\actor\hero\knight\dead\clown_export-dead_35.png
  C:\Game_2d\project\projectGame_v2\Resources\res\actor\hero\knight\dead\clown_export-dead_36.png -> C:\Game_2d\project\projectGame_v2\proj.win32\Release.win32\Resources\res\actor\hero\knight\dead\clown_export-dead_36.png
  C:\Game_2d\project\projectGame_v2\Resources\res\actor\hero\knight\dead\clown_export-dead_37.png -> C:\Game_2d\project\projectGame_v2\proj.win32\Release.win32\Resources\res\actor\hero\knight\dead\clown_export-dead_37.png
  C:\Game_2d\project\projectGame_v2\Resources\res\actor\hero\knight\dead\clown_export-dead_38.png -> C:\Game_2d\project\projectGame_v2\proj.win32\Release.win32\Resources\res\actor\hero\knight\dead\clown_export-dead_38.png
  C:\Game_2d\project\projectGame_v2\Resources\res\actor\hero\knight\dead\clown_export-dead_39.png -> C:\Game_2d\project\projectGame_v2\proj.win32\Release.win32\Resources\res\actor\hero\knight\dead\clown_export-dead_39.png
  C:\Game_2d\project\projectGame_v2\Resources\res\actor\hero\knight\dead\clown_export-dead_4.png -> C:\Game_2d\project\projectGame_v2\proj.win32\Release.win32\Resources\res\actor\hero\knight\dead\clown_export-dead_4.png
  C:\Game_2d\project\projectGame_v2\Resources\res\actor\hero\knight\dead\clown_export-dead_40.png -> C:\Game_2d\project\projectGame_v2\proj.win32\Release.win32\Resources\res\actor\hero\knight\dead\clown_export-dead_40.png
  C:\Game_2d\project\projectGame_v2\Resources\res\actor\hero\knight\dead\clown_export-dead_41.png -> C:\Game_2d\project\projectGame_v2\proj.win32\Release.win32\Resources\res\actor\hero\knight\dead\clown_export-dead_41.png
  C:\Game_2d\project\projectGame_v2\Resources\res\actor\hero\knight\dead\clown_export-dead_42.png -> C:\Game_2d\project\projectGame_v2\proj.win32\Release.win32\Resources\res\actor\hero\knight\dead\clown_export-dead_42.png
  C:\Game_2d\project\projectGame_v2\Resources\res\actor\hero\knight\dead\clown_export-dead_43.png -> C:\Game_2d\project\projectGame_v2\proj.win32\Release.win32\Resources\res\actor\hero\knight\dead\clown_export-dead_43.png
  C:\Game_2d\project\projectGame_v2\Resources\res\actor\hero\knight\dead\clown_export-dead_44.png -> C:\Game_2d\project\projectGame_v2\proj.win32\Release.win32\Resources\res\actor\hero\knight\dead\clown_export-dead_44.png
  C:\Game_2d\project\projectGame_v2\Resources\res\actor\hero\knight\dead\clown_export-dead_45.png -> C:\Game_2d\project\projectGame_v2\proj.win32\Release.win32\Resources\res\actor\hero\knight\dead\clown_export-dead_45.png
  C:\Game_2d\project\projectGame_v2\Resources\res\actor\hero\knight\dead\clown_export-dead_46.png -> C:\Game_2d\project\projectGame_v2\proj.win32\Release.win32\Resources\res\actor\hero\knight\dead\clown_export-dead_46.png
  C:\Game_2d\project\projectGame_v2\Resources\res\actor\hero\knight\dead\clown_export-dead_47.png -> C:\Game_2d\project\projectGame_v2\proj.win32\Release.win32\Resources\res\actor\hero\knight\dead\clown_export-dead_47.png
  C:\Game_2d\project\projectGame_v2\Resources\res\actor\hero\knight\dead\clown_export-dead_5.png -> C:\Game_2d\project\projectGame_v2\proj.win32\Release.win32\Resources\res\actor\hero\knight\dead\clown_export-dead_5.png
  C:\Game_2d\project\projectGame_v2\Resources\res\actor\hero\knight\dead\clown_export-dead_6.png -> C:\Game_2d\project\projectGame_v2\proj.win32\Release.win32\Resources\res\actor\hero\knight\dead\clown_export-dead_6.png
  C:\Game_2d\project\projectGame_v2\Resources\res\actor\hero\knight\dead\clown_export-dead_7.png -> C:\Game_2d\project\projectGame_v2\proj.win32\Release.win32\Resources\res\actor\hero\knight\dead\clown_export-dead_7.png
  C:\Game_2d\project\projectGame_v2\Resources\res\actor\hero\knight\dead\clown_export-dead_8.png -> C:\Game_2d\project\projectGame_v2\proj.win32\Release.win32\Resources\res\actor\hero\knight\dead\clown_export-dead_8.png
  C:\Game_2d\project\projectGame_v2\Resources\res\actor\hero\knight\dead\clown_export-dead_9.png -> C:\Game_2d\project\projectGame_v2\proj.win32\Release.win32\Resources\res\actor\hero\knight\dead\clown_export-dead_9.png
  C:\Game_2d\project\projectGame_v2\Resources\res\actor\hero\knight\hit\hit_0.plist -> C:\Game_2d\project\projectGame_v2\proj.win32\Release.win32\Resources\res\actor\hero\knight\hit\hit_0.plist
  C:\Game_2d\project\projectGame_v2\Resources\res\actor\hero\knight\hit\hit_0.png -> C:\Game_2d\project\projectGame_v2\proj.win32\Release.win32\Resources\res\actor\hero\knight\hit\hit_0.png
  C:\Game_2d\project\projectGame_v2\Resources\res\actor\hero\knight\idle_1\clown_export-idle_2_0.png -> C:\Game_2d\project\projectGame_v2\proj.win32\Release.win32\Resources\res\actor\hero\knight\idle_1\clown_export-idle_2_0.png
  C:\Game_2d\project\projectGame_v2\Resources\res\actor\hero\knight\idle_1\clown_export-idle_2_1.png -> C:\Game_2d\project\projectGame_v2\proj.win32\Release.win32\Resources\res\actor\hero\knight\idle_1\clown_export-idle_2_1.png
  C:\Game_2d\project\projectGame_v2\Resources\res\actor\hero\knight\idle_1\clown_export-idle_2_10.png -> C:\Game_2d\project\projectGame_v2\proj.win32\Release.win32\Resources\res\actor\hero\knight\idle_1\clown_export-idle_2_10.png
  C:\Game_2d\project\projectGame_v2\Resources\res\actor\hero\knight\idle_1\clown_export-idle_2_11.png -> C:\Game_2d\project\projectGame_v2\proj.win32\Release.win32\Resources\res\actor\hero\knight\idle_1\clown_export-idle_2_11.png
  C:\Game_2d\project\projectGame_v2\Resources\res\actor\hero\knight\idle_1\clown_export-idle_2_12.png -> C:\Game_2d\project\projectGame_v2\proj.win32\Release.win32\Resources\res\actor\hero\knight\idle_1\clown_export-idle_2_12.png
  C:\Game_2d\project\projectGame_v2\Resources\res\actor\hero\knight\idle_1\clown_export-idle_2_13.png -> C:\Game_2d\project\projectGame_v2\proj.win32\Release.win32\Resources\res\actor\hero\knight\idle_1\clown_export-idle_2_13.png
  C:\Game_2d\project\projectGame_v2\Resources\res\actor\hero\knight\idle_1\clown_export-idle_2_14.png -> C:\Game_2d\project\projectGame_v2\proj.win32\Release.win32\Resources\res\actor\hero\knight\idle_1\clown_export-idle_2_14.png
  C:\Game_2d\project\projectGame_v2\Resources\res\actor\hero\knight\idle_1\clown_export-idle_2_15.png -> C:\Game_2d\project\projectGame_v2\proj.win32\Release.win32\Resources\res\actor\hero\knight\idle_1\clown_export-idle_2_15.png
  C:\Game_2d\project\projectGame_v2\Resources\res\actor\hero\knight\idle_1\clown_export-idle_2_16.png -> C:\Game_2d\project\projectGame_v2\proj.win32\Release.win32\Resources\res\actor\hero\knight\idle_1\clown_export-idle_2_16.png
  C:\Game_2d\project\projectGame_v2\Resources\res\actor\hero\knight\idle_1\clown_export-idle_2_17.png -> C:\Game_2d\project\projectGame_v2\proj.win32\Release.win32\Resources\res\actor\hero\knight\idle_1\clown_export-idle_2_17.png
  C:\Game_2d\project\projectGame_v2\Resources\res\actor\hero\knight\idle_1\clown_export-idle_2_18.png -> C:\Game_2d\project\projectGame_v2\proj.win32\Release.win32\Resources\res\actor\hero\knight\idle_1\clown_export-idle_2_18.png
  C:\Game_2d\project\projectGame_v2\Resources\res\actor\hero\knight\idle_1\clown_export-idle_2_19.png -> C:\Game_2d\project\projectGame_v2\proj.win32\Release.win32\Resources\res\actor\hero\knight\idle_1\clown_export-idle_2_19.png
  C:\Game_2d\project\projectGame_v2\Resources\res\actor\hero\knight\idle_1\clown_export-idle_2_2.png -> C:\Game_2d\project\projectGame_v2\proj.win32\Release.win32\Resources\res\actor\hero\knight\idle_1\clown_export-idle_2_2.png
  C:\Game_2d\project\projectGame_v2\Resources\res\actor\hero\knight\idle_1\clown_export-idle_2_20.png -> C:\Game_2d\project\projectGame_v2\proj.win32\Release.win32\Resources\res\actor\hero\knight\idle_1\clown_export-idle_2_20.png
  C:\Game_2d\project\projectGame_v2\Resources\res\actor\hero\knight\idle_1\clown_export-idle_2_3.png -> C:\Game_2d\project\projectGame_v2\proj.win32\Release.win32\Resources\res\actor\hero\knight\idle_1\clown_export-idle_2_3.png
  C:\Game_2d\project\projectGame_v2\Resources\res\actor\hero\knight\idle_1\clown_export-idle_2_4.png -> C:\Game_2d\project\projectGame_v2\proj.win32\Release.win32\Resources\res\actor\hero\knight\idle_1\clown_export-idle_2_4.png
  C:\Game_2d\project\projectGame_v2\Resources\res\actor\hero\knight\idle_1\clown_export-idle_2_5.png -> C:\Game_2d\project\projectGame_v2\proj.win32\Release.win32\Resources\res\actor\hero\knight\idle_1\clown_export-idle_2_5.png
  C:\Game_2d\project\projectGame_v2\Resources\res\actor\hero\knight\idle_1\clown_export-idle_2_6.png -> C:\Game_2d\project\projectGame_v2\proj.win32\Release.win32\Resources\res\actor\hero\knight\idle_1\clown_export-idle_2_6.png
  C:\Game_2d\project\projectGame_v2\Resources\res\actor\hero\knight\idle_1\clown_export-idle_2_7.png -> C:\Game_2d\project\projectGame_v2\proj.win32\Release.win32\Resources\res\actor\hero\knight\idle_1\clown_export-idle_2_7.png
  C:\Game_2d\project\projectGame_v2\Resources\res\actor\hero\knight\idle_1\clown_export-idle_2_8.png -> C:\Game_2d\project\projectGame_v2\proj.win32\Release.win32\Resources\res\actor\hero\knight\idle_1\clown_export-idle_2_8.png
  C:\Game_2d\project\projectGame_v2\Resources\res\actor\hero\knight\idle_1\clown_export-idle_2_9.png -> C:\Game_2d\project\projectGame_v2\proj.win32\Release.win32\Resources\res\actor\hero\knight\idle_1\clown_export-idle_2_9.png
  C:\Game_2d\project\projectGame_v2\Resources\res\actor\hero\knight\idle_2\idle_2_0.plist -> C:\Game_2d\project\projectGame_v2\proj.win32\Release.win32\Resources\res\actor\hero\knight\idle_2\idle_2_0.plist
  C:\Game_2d\project\projectGame_v2\Resources\res\actor\hero\knight\idle_2\idle_2_0.png -> C:\Game_2d\project\projectGame_v2\proj.win32\Release.win32\Resources\res\actor\hero\knight\idle_2\idle_2_0.png
  C:\Game_2d\project\projectGame_v2\Resources\res\actor\hero\knight\jump\clown_export-jump_0.png -> C:\Game_2d\project\projectGame_v2\proj.win32\Release.win32\Resources\res\actor\hero\knight\jump\clown_export-jump_0.png
  C:\Game_2d\project\projectGame_v2\Resources\res\actor\hero\knight\jump\clown_export-jump_1.png -> C:\Game_2d\project\projectGame_v2\proj.win32\Release.win32\Resources\res\actor\hero\knight\jump\clown_export-jump_1.png
  C:\Game_2d\project\projectGame_v2\Resources\res\actor\hero\knight\jump\clown_export-jump_10.png -> C:\Game_2d\project\projectGame_v2\proj.win32\Release.win32\Resources\res\actor\hero\knight\jump\clown_export-jump_10.png
  C:\Game_2d\project\projectGame_v2\Resources\res\actor\hero\knight\jump\clown_export-jump_11.png -> C:\Game_2d\project\projectGame_v2\proj.win32\Release.win32\Resources\res\actor\hero\knight\jump\clown_export-jump_11.png
  C:\Game_2d\project\projectGame_v2\Resources\res\actor\hero\knight\jump\clown_export-jump_12.png -> C:\Game_2d\project\projectGame_v2\proj.win32\Release.win32\Resources\res\actor\hero\knight\jump\clown_export-jump_12.png
  C:\Game_2d\project\projectGame_v2\Resources\res\actor\hero\knight\jump\clown_export-jump_13.png -> C:\Game_2d\project\projectGame_v2\proj.win32\Release.win32\Resources\res\actor\hero\knight\jump\clown_export-jump_13.png
  C:\Game_2d\project\projectGame_v2\Resources\res\actor\hero\knight\jump\clown_export-jump_14.png -> C:\Game_2d\project\projectGame_v2\proj.win32\Release.win32\Resources\res\actor\hero\knight\jump\clown_export-jump_14.png
  C:\Game_2d\project\projectGame_v2\Resources\res\actor\hero\knight\jump\clown_export-jump_15.png -> C:\Game_2d\project\projectGame_v2\proj.win32\Release.win32\Resources\res\actor\hero\knight\jump\clown_export-jump_15.png
  C:\Game_2d\project\projectGame_v2\Resources\res\actor\hero\knight\jump\clown_export-jump_16.png -> C:\Game_2d\project\projectGame_v2\proj.win32\Release.win32\Resources\res\actor\hero\knight\jump\clown_export-jump_16.png
  C:\Game_2d\project\projectGame_v2\Resources\res\actor\hero\knight\jump\clown_export-jump_17.png -> C:\Game_2d\project\projectGame_v2\proj.win32\Release.win32\Resources\res\actor\hero\knight\jump\clown_export-jump_17.png
  C:\Game_2d\project\projectGame_v2\Resources\res\actor\hero\knight\jump\clown_export-jump_18.png -> C:\Game_2d\project\projectGame_v2\proj.win32\Release.win32\Resources\res\actor\hero\knight\jump\clown_export-jump_18.png
  C:\Game_2d\project\projectGame_v2\Resources\res\actor\hero\knight\jump\clown_export-jump_19.png -> C:\Game_2d\project\projectGame_v2\proj.win32\Release.win32\Resources\res\actor\hero\knight\jump\clown_export-jump_19.png
  C:\Game_2d\project\projectGame_v2\Resources\res\actor\hero\knight\jump\clown_export-jump_2.png -> C:\Game_2d\project\projectGame_v2\proj.win32\Release.win32\Resources\res\actor\hero\knight\jump\clown_export-jump_2.png
  C:\Game_2d\project\projectGame_v2\Resources\res\actor\hero\knight\jump\clown_export-jump_20.png -> C:\Game_2d\project\projectGame_v2\proj.win32\Release.win32\Resources\res\actor\hero\knight\jump\clown_export-jump_20.png
  C:\Game_2d\project\projectGame_v2\Resources\res\actor\hero\knight\jump\clown_export-jump_21.png -> C:\Game_2d\project\projectGame_v2\proj.win32\Release.win32\Resources\res\actor\hero\knight\jump\clown_export-jump_21.png
  C:\Game_2d\project\projectGame_v2\Resources\res\actor\hero\knight\jump\clown_export-jump_22.png -> C:\Game_2d\project\projectGame_v2\proj.win32\Release.win32\Resources\res\actor\hero\knight\jump\clown_export-jump_22.png
  C:\Game_2d\project\projectGame_v2\Resources\res\actor\hero\knight\jump\clown_export-jump_23.png -> C:\Game_2d\project\projectGame_v2\proj.win32\Release.win32\Resources\res\actor\hero\knight\jump\clown_export-jump_23.png
  C:\Game_2d\project\projectGame_v2\Resources\res\actor\hero\knight\jump\clown_export-jump_24.png -> C:\Game_2d\project\projectGame_v2\proj.win32\Release.win32\Resources\res\actor\hero\knight\jump\clown_export-jump_24.png
  C:\Game_2d\project\projectGame_v2\Resources\res\actor\hero\knight\jump\clown_export-jump_25.png -> C:\Game_2d\project\projectGame_v2\proj.win32\Release.win32\Resources\res\actor\hero\knight\jump\clown_export-jump_25.png
  C:\Game_2d\project\projectGame_v2\Resources\res\actor\hero\knight\jump\clown_export-jump_26.png -> C:\Game_2d\project\projectGame_v2\proj.win32\Release.win32\Resources\res\actor\hero\knight\jump\clown_export-jump_26.png
  C:\Game_2d\project\projectGame_v2\Resources\res\actor\hero\knight\jump\clown_export-jump_27.png -> C:\Game_2d\project\projectGame_v2\proj.win32\Release.win32\Resources\res\actor\hero\knight\jump\clown_export-jump_27.png
  C:\Game_2d\project\projectGame_v2\Resources\res\actor\hero\knight\jump\clown_export-jump_28.png -> C:\Game_2d\project\projectGame_v2\proj.win32\Release.win32\Resources\res\actor\hero\knight\jump\clown_export-jump_28.png
  C:\Game_2d\project\projectGame_v2\Resources\res\actor\hero\knight\jump\clown_export-jump_29.png -> C:\Game_2d\project\projectGame_v2\proj.win32\Release.win32\Resources\res\actor\hero\knight\jump\clown_export-jump_29.png
  C:\Game_2d\project\projectGame_v2\Resources\res\actor\hero\knight\jump\clown_export-jump_3.png -> C:\Game_2d\project\projectGame_v2\proj.win32\Release.win32\Resources\res\actor\hero\knight\jump\clown_export-jump_3.png
  C:\Game_2d\project\projectGame_v2\Resources\res\actor\hero\knight\jump\clown_export-jump_30.png -> C:\Game_2d\project\projectGame_v2\proj.win32\Release.win32\Resources\res\actor\hero\knight\jump\clown_export-jump_30.png
  C:\Game_2d\project\projectGame_v2\Resources\res\actor\hero\knight\jump\clown_export-jump_31.png -> C:\Game_2d\project\projectGame_v2\proj.win32\Release.win32\Resources\res\actor\hero\knight\jump\clown_export-jump_31.png
  C:\Game_2d\project\projectGame_v2\Resources\res\actor\hero\knight\jump\clown_export-jump_32.png -> C:\Game_2d\project\projectGame_v2\proj.win32\Release.win32\Resources\res\actor\hero\knight\jump\clown_export-jump_32.png
  C:\Game_2d\project\projectGame_v2\Resources\res\actor\hero\knight\jump\clown_export-jump_33.png -> C:\Game_2d\project\projectGame_v2\proj.win32\Release.win32\Resources\res\actor\hero\knight\jump\clown_export-jump_33.png
  C:\Game_2d\project\projectGame_v2\Resources\res\actor\hero\knight\jump\clown_export-jump_34.png -> C:\Game_2d\project\projectGame_v2\proj.win32\Release.win32\Resources\res\actor\hero\knight\jump\clown_export-jump_34.png
  C:\Game_2d\project\projectGame_v2\Resources\res\actor\hero\knight\jump\clown_export-jump_35.png -> C:\Game_2d\project\projectGame_v2\proj.win32\Release.win32\Resources\res\actor\hero\knight\jump\clown_export-jump_35.png
  C:\Game_2d\project\projectGame_v2\Resources\res\actor\hero\knight\jump\clown_export-jump_36.png -> C:\Game_2d\project\projectGame_v2\proj.win32\Release.win32\Resources\res\actor\hero\knight\jump\clown_export-jump_36.png
  C:\Game_2d\project\projectGame_v2\Resources\res\actor\hero\knight\jump\clown_export-jump_37.png -> C:\Game_2d\project\projectGame_v2\proj.win32\Release.win32\Resources\res\actor\hero\knight\jump\clown_export-jump_37.png
  C:\Game_2d\project\projectGame_v2\Resources\res\actor\hero\knight\jump\clown_export-jump_38.png -> C:\Game_2d\project\projectGame_v2\proj.win32\Release.win32\Resources\res\actor\hero\knight\jump\clown_export-jump_38.png
  C:\Game_2d\project\projectGame_v2\Resources\res\actor\hero\knight\jump\clown_export-jump_39.png -> C:\Game_2d\project\projectGame_v2\proj.win32\Release.win32\Resources\res\actor\hero\knight\jump\clown_export-jump_39.png
  C:\Game_2d\project\projectGame_v2\Resources\res\actor\hero\knight\jump\clown_export-jump_4.png -> C:\Game_2d\project\projectGame_v2\proj.win32\Release.win32\Resources\res\actor\hero\knight\jump\clown_export-jump_4.png
  C:\Game_2d\project\projectGame_v2\Resources\res\actor\hero\knight\jump\clown_export-jump_40.png -> C:\Game_2d\project\projectGame_v2\proj.win32\Release.win32\Resources\res\actor\hero\knight\jump\clown_export-jump_40.png
  C:\Game_2d\project\projectGame_v2\Resources\res\actor\hero\knight\jump\clown_export-jump_41.png -> C:\Game_2d\project\projectGame_v2\proj.win32\Release.win32\Resources\res\actor\hero\knight\jump\clown_export-jump_41.png
  C:\Game_2d\project\projectGame_v2\Resources\res\actor\hero\knight\jump\clown_export-jump_42.png -> C:\Game_2d\project\projectGame_v2\proj.win32\Release.win32\Resources\res\actor\hero\knight\jump\clown_export-jump_42.png
  C:\Game_2d\project\projectGame_v2\Resources\res\actor\hero\knight\jump\clown_export-jump_5.png -> C:\Game_2d\project\projectGame_v2\proj.win32\Release.win32\Resources\res\actor\hero\knight\jump\clown_export-jump_5.png
  C:\Game_2d\project\projectGame_v2\Resources\res\actor\hero\knight\jump\clown_export-jump_6.png -> C:\Game_2d\project\projectGame_v2\proj.win32\Release.win32\Resources\res\actor\hero\knight\jump\clown_export-jump_6.png
  C:\Game_2d\project\projectGame_v2\Resources\res\actor\hero\knight\jump\clown_export-jump_7.png -> C:\Game_2d\project\projectGame_v2\proj.win32\Release.win32\Resources\res\actor\hero\knight\jump\clown_export-jump_7.png
  C:\Game_2d\project\projectGame_v2\Resources\res\actor\hero\knight\jump\clown_export-jump_8.png -> C:\Game_2d\project\projectGame_v2\proj.win32\Release.win32\Resources\res\actor\hero\knight\jump\clown_export-jump_8.png
  C:\Game_2d\project\projectGame_v2\Resources\res\actor\hero\knight\jump\clown_export-jump_9.png -> C:\Game_2d\project\projectGame_v2\proj.win32\Release.win32\Resources\res\actor\hero\knight\jump\clown_export-jump_9.png
  C:\Game_2d\project\projectGame_v2\Resources\res\actor\hero\knight\run\clown_export-run_0.png -> C:\Game_2d\project\projectGame_v2\proj.win32\Release.win32\Resources\res\actor\hero\knight\run\clown_export-run_0.png
  C:\Game_2d\project\projectGame_v2\Resources\res\actor\hero\knight\run\clown_export-run_1.png -> C:\Game_2d\project\projectGame_v2\proj.win32\Release.win32\Resources\res\actor\hero\knight\run\clown_export-run_1.png
  C:\Game_2d\project\projectGame_v2\Resources\res\actor\hero\knight\run\clown_export-run_10.png -> C:\Game_2d\project\projectGame_v2\proj.win32\Release.win32\Resources\res\actor\hero\knight\run\clown_export-run_10.png
  C:\Game_2d\project\projectGame_v2\Resources\res\actor\hero\knight\run\clown_export-run_11.png -> C:\Game_2d\project\projectGame_v2\proj.win32\Release.win32\Resources\res\actor\hero\knight\run\clown_export-run_11.png
  C:\Game_2d\project\projectGame_v2\Resources\res\actor\hero\knight\run\clown_export-run_12.png -> C:\Game_2d\project\projectGame_v2\proj.win32\Release.win32\Resources\res\actor\hero\knight\run\clown_export-run_12.png
  C:\Game_2d\project\projectGame_v2\Resources\res\actor\hero\knight\run\clown_export-run_13.png -> C:\Game_2d\project\projectGame_v2\proj.win32\Release.win32\Resources\res\actor\hero\knight\run\clown_export-run_13.png
  C:\Game_2d\project\projectGame_v2\Resources\res\actor\hero\knight\run\clown_export-run_14.png -> C:\Game_2d\project\projectGame_v2\proj.win32\Release.win32\Resources\res\actor\hero\knight\run\clown_export-run_14.png
  C:\Game_2d\project\projectGame_v2\Resources\res\actor\hero\knight\run\clown_export-run_15.png -> C:\Game_2d\project\projectGame_v2\proj.win32\Release.win32\Resources\res\actor\hero\knight\run\clown_export-run_15.png
  C:\Game_2d\project\projectGame_v2\Resources\res\actor\hero\knight\run\clown_export-run_16.png -> C:\Game_2d\project\projectGame_v2\proj.win32\Release.win32\Resources\res\actor\hero\knight\run\clown_export-run_16.png
  C:\Game_2d\project\projectGame_v2\Resources\res\actor\hero\knight\run\clown_export-run_17.png -> C:\Game_2d\project\projectGame_v2\proj.win32\Release.win32\Resources\res\actor\hero\knight\run\clown_export-run_17.png
  C:\Game_2d\project\projectGame_v2\Resources\res\actor\hero\knight\run\clown_export-run_18.png -> C:\Game_2d\project\projectGame_v2\proj.win32\Release.win32\Resources\res\actor\hero\knight\run\clown_export-run_18.png
  C:\Game_2d\project\projectGame_v2\Resources\res\actor\hero\knight\run\clown_export-run_19.png -> C:\Game_2d\project\projectGame_v2\proj.win32\Release.win32\Resources\res\actor\hero\knight\run\clown_export-run_19.png
  C:\Game_2d\project\projectGame_v2\Resources\res\actor\hero\knight\run\clown_export-run_2.png -> C:\Game_2d\project\projectGame_v2\proj.win32\Release.win32\Resources\res\actor\hero\knight\run\clown_export-run_2.png
  C:\Game_2d\project\projectGame_v2\Resources\res\actor\hero\knight\run\clown_export-run_20.png -> C:\Game_2d\project\projectGame_v2\proj.win32\Release.win32\Resources\res\actor\hero\knight\run\clown_export-run_20.png
  C:\Game_2d\project\projectGame_v2\Resources\res\actor\hero\knight\run\clown_export-run_21.png -> C:\Game_2d\project\projectGame_v2\proj.win32\Release.win32\Resources\res\actor\hero\knight\run\clown_export-run_21.png
  C:\Game_2d\project\projectGame_v2\Resources\res\actor\hero\knight\run\clown_export-run_22.png -> C:\Game_2d\project\projectGame_v2\proj.win32\Release.win32\Resources\res\actor\hero\knight\run\clown_export-run_22.png
  C:\Game_2d\project\projectGame_v2\Resources\res\actor\hero\knight\run\clown_export-run_23.png -> C:\Game_2d\project\projectGame_v2\proj.win32\Release.win32\Resources\res\actor\hero\knight\run\clown_export-run_23.png
  C:\Game_2d\project\projectGame_v2\Resources\res\actor\hero\knight\run\clown_export-run_24.png -> C:\Game_2d\project\projectGame_v2\proj.win32\Release.win32\Resources\res\actor\hero\knight\run\clown_export-run_24.png
  C:\Game_2d\project\projectGame_v2\Resources\res\actor\hero\knight\run\clown_export-run_3.png -> C:\Game_2d\project\projectGame_v2\proj.win32\Release.win32\Resources\res\actor\hero\knight\run\clown_export-run_3.png
  C:\Game_2d\project\projectGame_v2\Resources\res\actor\hero\knight\run\clown_export-run_4.png -> C:\Game_2d\project\projectGame_v2\proj.win32\Release.win32\Resources\res\actor\hero\knight\run\clown_export-run_4.png
  C:\Game_2d\project\projectGame_v2\Resources\res\actor\hero\knight\run\clown_export-run_5.png -> C:\Game_2d\project\projectGame_v2\proj.win32\Release.win32\Resources\res\actor\hero\knight\run\clown_export-run_5.png
  C:\Game_2d\project\projectGame_v2\Resources\res\actor\hero\knight\run\clown_export-run_6.png -> C:\Game_2d\project\projectGame_v2\proj.win32\Release.win32\Resources\res\actor\hero\knight\run\clown_export-run_6.png
  C:\Game_2d\project\projectGame_v2\Resources\res\actor\hero\knight\run\clown_export-run_7.png -> C:\Game_2d\project\projectGame_v2\proj.win32\Release.win32\Resources\res\actor\hero\knight\run\clown_export-run_7.png
  C:\Game_2d\project\projectGame_v2\Resources\res\actor\hero\knight\run\clown_export-run_8.png -> C:\Game_2d\project\projectGame_v2\proj.win32\Release.win32\Resources\res\actor\hero\knight\run\clown_export-run_8.png
  C:\Game_2d\project\projectGame_v2\Resources\res\actor\hero\knight\run\clown_export-run_9.png -> C:\Game_2d\project\projectGame_v2\proj.win32\Release.win32\Resources\res\actor\hero\knight\run\clown_export-run_9.png
  C:\Game_2d\project\projectGame_v2\Resources\res\actor\hero\knight\run_shield\run_shield_0.plist -> C:\Game_2d\project\projectGame_v2\proj.win32\Release.win32\Resources\res\actor\hero\knight\run_shield\run_shield_0.plist
  C:\Game_2d\project\projectGame_v2\Resources\res\actor\hero\knight\run_shield\run_shield_0.png -> C:\Game_2d\project\projectGame_v2\proj.win32\Release.win32\Resources\res\actor\hero\knight\run_shield\run_shield_0.png
  C:\Game_2d\project\projectGame_v2\Resources\res\actor\hero\knight\shield_attack\shield_attack_0.plist -> C:\Game_2d\project\projectGame_v2\proj.win32\Release.win32\Resources\res\actor\hero\knight\shield_attack\shield_attack_0.plist
  C:\Game_2d\project\projectGame_v2\Resources\res\actor\hero\knight\shield_attack\shield_attack_0.png -> C:\Game_2d\project\projectGame_v2\proj.win32\Release.win32\Resources\res\actor\hero\knight\shield_attack\shield_attack_0.png
  C:\Game_2d\project\projectGame_v2\Resources\res\actor\hero\knight\stun\clown_export-stun_0.png -> C:\Game_2d\project\projectGame_v2\proj.win32\Release.win32\Resources\res\actor\hero\knight\stun\clown_export-stun_0.png
  C:\Game_2d\project\projectGame_v2\Resources\res\actor\hero\knight\stun\clown_export-stun_1.png -> C:\Game_2d\project\projectGame_v2\proj.win32\Release.win32\Resources\res\actor\hero\knight\stun\clown_export-stun_1.png
  C:\Game_2d\project\projectGame_v2\Resources\res\actor\hero\knight\stun\clown_export-stun_10.png -> C:\Game_2d\project\projectGame_v2\proj.win32\Release.win32\Resources\res\actor\hero\knight\stun\clown_export-stun_10.png
  C:\Game_2d\project\projectGame_v2\Resources\res\actor\hero\knight\stun\clown_export-stun_11.png -> C:\Game_2d\project\projectGame_v2\proj.win32\Release.win32\Resources\res\actor\hero\knight\stun\clown_export-stun_11.png
  C:\Game_2d\project\projectGame_v2\Resources\res\actor\hero\knight\stun\clown_export-stun_12.png -> C:\Game_2d\project\projectGame_v2\proj.win32\Release.win32\Resources\res\actor\hero\knight\stun\clown_export-stun_12.png
  C:\Game_2d\project\projectGame_v2\Resources\res\actor\hero\knight\stun\clown_export-stun_13.png -> C:\Game_2d\project\projectGame_v2\proj.win32\Release.win32\Resources\res\actor\hero\knight\stun\clown_export-stun_13.png
  C:\Game_2d\project\projectGame_v2\Resources\res\actor\hero\knight\stun\clown_export-stun_14.png -> C:\Game_2d\project\projectGame_v2\proj.win32\Release.win32\Resources\res\actor\hero\knight\stun\clown_export-stun_14.png
  C:\Game_2d\project\projectGame_v2\Resources\res\actor\hero\knight\stun\clown_export-stun_15.png -> C:\Game_2d\project\projectGame_v2\proj.win32\Release.win32\Resources\res\actor\hero\knight\stun\clown_export-stun_15.png
  C:\Game_2d\project\projectGame_v2\Resources\res\actor\hero\knight\stun\clown_export-stun_16.png -> C:\Game_2d\project\projectGame_v2\proj.win32\Release.win32\Resources\res\actor\hero\knight\stun\clown_export-stun_16.png
  C:\Game_2d\project\projectGame_v2\Resources\res\actor\hero\knight\stun\clown_export-stun_17.png -> C:\Game_2d\project\projectGame_v2\proj.win32\Release.win32\Resources\res\actor\hero\knight\stun\clown_export-stun_17.png
  C:\Game_2d\project\projectGame_v2\Resources\res\actor\hero\knight\stun\clown_export-stun_18.png -> C:\Game_2d\project\projectGame_v2\proj.win32\Release.win32\Resources\res\actor\hero\knight\stun\clown_export-stun_18.png
  C:\Game_2d\project\projectGame_v2\Resources\res\actor\hero\knight\stun\clown_export-stun_19.png -> C:\Game_2d\project\projectGame_v2\proj.win32\Release.win32\Resources\res\actor\hero\knight\stun\clown_export-stun_19.png
  C:\Game_2d\project\projectGame_v2\Resources\res\actor\hero\knight\stun\clown_export-stun_2.png -> C:\Game_2d\project\projectGame_v2\proj.win32\Release.win32\Resources\res\actor\hero\knight\stun\clown_export-stun_2.png
  C:\Game_2d\project\projectGame_v2\Resources\res\actor\hero\knight\stun\clown_export-stun_20.png -> C:\Game_2d\project\projectGame_v2\proj.win32\Release.win32\Resources\res\actor\hero\knight\stun\clown_export-stun_20.png
  C:\Game_2d\project\projectGame_v2\Resources\res\actor\hero\knight\stun\clown_export-stun_21.png -> C:\Game_2d\project\projectGame_v2\proj.win32\Release.win32\Resources\res\actor\hero\knight\stun\clown_export-stun_21.png
  C:\Game_2d\project\projectGame_v2\Resources\res\actor\hero\knight\stun\clown_export-stun_22.png -> C:\Game_2d\project\projectGame_v2\proj.win32\Release.win32\Resources\res\actor\hero\knight\stun\clown_export-stun_22.png
  C:\Game_2d\project\projectGame_v2\Resources\res\actor\hero\knight\stun\clown_export-stun_23.png -> C:\Game_2d\project\projectGame_v2\proj.win32\Release.win32\Resources\res\actor\hero\knight\stun\clown_export-stun_23.png
  C:\Game_2d\project\projectGame_v2\Resources\res\actor\hero\knight\stun\clown_export-stun_24.png -> C:\Game_2d\project\projectGame_v2\proj.win32\Release.win32\Resources\res\actor\hero\knight\stun\clown_export-stun_24.png
  C:\Game_2d\project\projectGame_v2\Resources\res\actor\hero\knight\stun\clown_export-stun_25.png -> C:\Game_2d\project\projectGame_v2\proj.win32\Release.win32\Resources\res\actor\hero\knight\stun\clown_export-stun_25.png
  C:\Game_2d\project\projectGame_v2\Resources\res\actor\hero\knight\stun\clown_export-stun_26.png -> C:\Game_2d\project\projectGame_v2\proj.win32\Release.win32\Resources\res\actor\hero\knight\stun\clown_export-stun_26.png
  C:\Game_2d\project\projectGame_v2\Resources\res\actor\hero\knight\stun\clown_export-stun_27.png -> C:\Game_2d\project\projectGame_v2\proj.win32\Release.win32\Resources\res\actor\hero\knight\stun\clown_export-stun_27.png
  C:\Game_2d\project\projectGame_v2\Resources\res\actor\hero\knight\stun\clown_export-stun_28.png -> C:\Game_2d\project\projectGame_v2\proj.win32\Release.win32\Resources\res\actor\hero\knight\stun\clown_export-stun_28.png
  C:\Game_2d\project\projectGame_v2\Resources\res\actor\hero\knight\stun\clown_export-stun_29.png -> C:\Game_2d\project\projectGame_v2\proj.win32\Release.win32\Resources\res\actor\hero\knight\stun\clown_export-stun_29.png
  C:\Game_2d\project\projectGame_v2\Resources\res\actor\hero\knight\stun\clown_export-stun_3.png -> C:\Game_2d\project\projectGame_v2\proj.win32\Release.win32\Resources\res\actor\hero\knight\stun\clown_export-stun_3.png
  C:\Game_2d\project\projectGame_v2\Resources\res\actor\hero\knight\stun\clown_export-stun_30.png -> C:\Game_2d\project\projectGame_v2\proj.win32\Release.win32\Resources\res\actor\hero\knight\stun\clown_export-stun_30.png
  C:\Game_2d\project\projectGame_v2\Resources\res\actor\hero\knight\stun\clown_export-stun_31.png -> C:\Game_2d\project\projectGame_v2\proj.win32\Release.win32\Resources\res\actor\hero\knight\stun\clown_export-stun_31.png
  C:\Game_2d\project\projectGame_v2\Resources\res\actor\hero\knight\stun\clown_export-stun_32.png -> C:\Game_2d\project\projectGame_v2\proj.win32\Release.win32\Resources\res\actor\hero\knight\stun\clown_export-stun_32.png
  C:\Game_2d\project\projectGame_v2\Resources\res\actor\hero\knight\stun\clown_export-stun_33.png -> C:\Game_2d\project\projectGame_v2\proj.win32\Release.win32\Resources\res\actor\hero\knight\stun\clown_export-stun_33.png
  C:\Game_2d\project\projectGame_v2\Resources\res\actor\hero\knight\stun\clown_export-stun_34.png -> C:\Game_2d\project\projectGame_v2\proj.win32\Release.win32\Resources\res\actor\hero\knight\stun\clown_export-stun_34.png
  C:\Game_2d\project\projectGame_v2\Resources\res\actor\hero\knight\stun\clown_export-stun_35.png -> C:\Game_2d\project\projectGame_v2\proj.win32\Release.win32\Resources\res\actor\hero\knight\stun\clown_export-stun_35.png
  C:\Game_2d\project\projectGame_v2\Resources\res\actor\hero\knight\stun\clown_export-stun_36.png -> C:\Game_2d\project\projectGame_v2\proj.win32\Release.win32\Resources\res\actor\hero\knight\stun\clown_export-stun_36.png
  C:\Game_2d\project\projectGame_v2\Resources\res\actor\hero\knight\stun\clown_export-stun_4.png -> C:\Game_2d\project\projectGame_v2\proj.win32\Release.win32\Resources\res\actor\hero\knight\stun\clown_export-stun_4.png
  C:\Game_2d\project\projectGame_v2\Resources\res\actor\hero\knight\stun\clown_export-stun_5.png -> C:\Game_2d\project\projectGame_v2\proj.win32\Release.win32\Resources\res\actor\hero\knight\stun\clown_export-stun_5.png
  C:\Game_2d\project\projectGame_v2\Resources\res\actor\hero\knight\stun\clown_export-stun_6.png -> C:\Game_2d\project\projectGame_v2\proj.win32\Release.win32\Resources\res\actor\hero\knight\stun\clown_export-stun_6.png
  C:\Game_2d\project\projectGame_v2\Resources\res\actor\hero\knight\stun\clown_export-stun_7.png -> C:\Game_2d\project\projectGame_v2\proj.win32\Release.win32\Resources\res\actor\hero\knight\stun\clown_export-stun_7.png
  C:\Game_2d\project\projectGame_v2\Resources\res\actor\hero\knight\stun\clown_export-stun_8.png -> C:\Game_2d\project\projectGame_v2\proj.win32\Release.win32\Resources\res\actor\hero\knight\stun\clown_export-stun_8.png
  C:\Game_2d\project\projectGame_v2\Resources\res\actor\hero\knight\stun\clown_export-stun_9.png -> C:\Game_2d\project\projectGame_v2\proj.win32\Release.win32\Resources\res\actor\hero\knight\stun\clown_export-stun_9.png
  C:\Game_2d\project\projectGame_v2\Resources\res\actor\hero\knight\sword_attack\sword_attack_0.plist -> C:\Game_2d\project\projectGame_v2\proj.win32\Release.win32\Resources\res\actor\hero\knight\sword_attack\sword_attack_0.plist
  C:\Game_2d\project\projectGame_v2\Resources\res\actor\hero\knight\sword_attack\sword_attack_0.png -> C:\Game_2d\project\projectGame_v2\proj.win32\Release.win32\Resources\res\actor\hero\knight\sword_attack\sword_attack_0.png
  C:\Game_2d\project\projectGame_v2\Resources\res\actor\hero\knight\walk\clown_export-walk_0.png -> C:\Game_2d\project\projectGame_v2\proj.win32\Release.win32\Resources\res\actor\hero\knight\walk\clown_export-walk_0.png
  C:\Game_2d\project\projectGame_v2\Resources\res\actor\hero\knight\walk\clown_export-walk_1.png -> C:\Game_2d\project\projectGame_v2\proj.win32\Release.win32\Resources\res\actor\hero\knight\walk\clown_export-walk_1.png
  C:\Game_2d\project\projectGame_v2\Resources\res\actor\hero\knight\walk\clown_export-walk_10.png -> C:\Game_2d\project\projectGame_v2\proj.win32\Release.win32\Resources\res\actor\hero\knight\walk\clown_export-walk_10.png
  C:\Game_2d\project\projectGame_v2\Resources\res\actor\hero\knight\walk\clown_export-walk_11.png -> C:\Game_2d\project\projectGame_v2\proj.win32\Release.win32\Resources\res\actor\hero\knight\walk\clown_export-walk_11.png
  C:\Game_2d\project\projectGame_v2\Resources\res\actor\hero\knight\walk\clown_export-walk_12.png -> C:\Game_2d\project\projectGame_v2\proj.win32\Release.win32\Resources\res\actor\hero\knight\walk\clown_export-walk_12.png
  C:\Game_2d\project\projectGame_v2\Resources\res\actor\hero\knight\walk\clown_export-walk_13.png -> C:\Game_2d\project\projectGame_v2\proj.win32\Release.win32\Resources\res\actor\hero\knight\walk\clown_export-walk_13.png
  C:\Game_2d\project\projectGame_v2\Resources\res\actor\hero\knight\walk\clown_export-walk_14.png -> C:\Game_2d\project\projectGame_v2\proj.win32\Release.win32\Resources\res\actor\hero\knight\walk\clown_export-walk_14.png
  C:\Game_2d\project\projectGame_v2\Resources\res\actor\hero\knight\walk\clown_export-walk_15.png -> C:\Game_2d\project\projectGame_v2\proj.win32\Release.win32\Resources\res\actor\hero\knight\walk\clown_export-walk_15.png
  C:\Game_2d\project\projectGame_v2\Resources\res\actor\hero\knight\walk\clown_export-walk_16.png -> C:\Game_2d\project\projectGame_v2\proj.win32\Release.win32\Resources\res\actor\hero\knight\walk\clown_export-walk_16.png
  C:\Game_2d\project\projectGame_v2\Resources\res\actor\hero\knight\walk\clown_export-walk_17.png -> C:\Game_2d\project\projectGame_v2\proj.win32\Release.win32\Resources\res\actor\hero\knight\walk\clown_export-walk_17.png
  C:\Game_2d\project\projectGame_v2\Resources\res\actor\hero\knight\walk\clown_export-walk_18.png -> C:\Game_2d\project\projectGame_v2\proj.win32\Release.win32\Resources\res\actor\hero\knight\walk\clown_export-walk_18.png
  C:\Game_2d\project\projectGame_v2\Resources\res\actor\hero\knight\walk\clown_export-walk_19.png -> C:\Game_2d\project\projectGame_v2\proj.win32\Release.win32\Resources\res\actor\hero\knight\walk\clown_export-walk_19.png
  C:\Game_2d\project\projectGame_v2\Resources\res\actor\hero\knight\walk\clown_export-walk_2.png -> C:\Game_2d\project\projectGame_v2\proj.win32\Release.win32\Resources\res\actor\hero\knight\walk\clown_export-walk_2.png
  C:\Game_2d\project\projectGame_v2\Resources\res\actor\hero\knight\walk\clown_export-walk_20.png -> C:\Game_2d\project\projectGame_v2\proj.win32\Release.win32\Resources\res\actor\hero\knight\walk\clown_export-walk_20.png
  C:\Game_2d\project\projectGame_v2\Resources\res\actor\hero\knight\walk\clown_export-walk_21.png -> C:\Game_2d\project\projectGame_v2\proj.win32\Release.win32\Resources\res\actor\hero\knight\walk\clown_export-walk_21.png
  C:\Game_2d\project\projectGame_v2\Resources\res\actor\hero\knight\walk\clown_export-walk_22.png -> C:\Game_2d\project\projectGame_v2\proj.win32\Release.win32\Resources\res\actor\hero\knight\walk\clown_export-walk_22.png
  C:\Game_2d\project\projectGame_v2\Resources\res\actor\hero\knight\walk\clown_export-walk_23.png -> C:\Game_2d\project\projectGame_v2\proj.win32\Release.win32\Resources\res\actor\hero\knight\walk\clown_export-walk_23.png
  C:\Game_2d\project\projectGame_v2\Resources\res\actor\hero\knight\walk\clown_export-walk_24.png -> C:\Game_2d\project\projectGame_v2\proj.win32\Release.win32\Resources\res\actor\hero\knight\walk\clown_export-walk_24.png
  C:\Game_2d\project\projectGame_v2\Resources\res\actor\hero\knight\walk\clown_export-walk_25.png -> C:\Game_2d\project\projectGame_v2\proj.win32\Release.win32\Resources\res\actor\hero\knight\walk\clown_export-walk_25.png
  C:\Game_2d\project\projectGame_v2\Resources\res\actor\hero\knight\walk\clown_export-walk_26.png -> C:\Game_2d\project\projectGame_v2\proj.win32\Release.win32\Resources\res\actor\hero\knight\walk\clown_export-walk_26.png
  C:\Game_2d\project\projectGame_v2\Resources\res\actor\hero\knight\walk\clown_export-walk_27.png -> C:\Game_2d\project\projectGame_v2\proj.win32\Release.win32\Resources\res\actor\hero\knight\walk\clown_export-walk_27.png
  C:\Game_2d\project\projectGame_v2\Resources\res\actor\hero\knight\walk\clown_export-walk_28.png -> C:\Game_2d\project\projectGame_v2\proj.win32\Release.win32\Resources\res\actor\hero\knight\walk\clown_export-walk_28.png
  C:\Game_2d\project\projectGame_v2\Resources\res\actor\hero\knight\walk\clown_export-walk_29.png -> C:\Game_2d\project\projectGame_v2\proj.win32\Release.win32\Resources\res\actor\hero\knight\walk\clown_export-walk_29.png
  C:\Game_2d\project\projectGame_v2\Resources\res\actor\hero\knight\walk\clown_export-walk_3.png -> C:\Game_2d\project\projectGame_v2\proj.win32\Release.win32\Resources\res\actor\hero\knight\walk\clown_export-walk_3.png
  C:\Game_2d\project\projectGame_v2\Resources\res\actor\hero\knight\walk\clown_export-walk_30.png -> C:\Game_2d\project\projectGame_v2\proj.win32\Release.win32\Resources\res\actor\hero\knight\walk\clown_export-walk_30.png
  C:\Game_2d\project\projectGame_v2\Resources\res\actor\hero\knight\walk\clown_export-walk_31.png -> C:\Game_2d\project\projectGame_v2\proj.win32\Release.win32\Resources\res\actor\hero\knight\walk\clown_export-walk_31.png
  C:\Game_2d\project\projectGame_v2\Resources\res\actor\hero\knight\walk\clown_export-walk_32.png -> C:\Game_2d\project\projectGame_v2\proj.win32\Release.win32\Resources\res\actor\hero\knight\walk\clown_export-walk_32.png
  C:\Game_2d\project\projectGame_v2\Resources\res\actor\hero\knight\walk\clown_export-walk_33.png -> C:\Game_2d\project\projectGame_v2\proj.win32\Release.win32\Resources\res\actor\hero\knight\walk\clown_export-walk_33.png
  C:\Game_2d\project\projectGame_v2\Resources\res\actor\hero\knight\walk\clown_export-walk_34.png -> C:\Game_2d\project\projectGame_v2\proj.win32\Release.win32\Resources\res\actor\hero\knight\walk\clown_export-walk_34.png
  C:\Game_2d\project\projectGame_v2\Resources\res\actor\hero\knight\walk\clown_export-walk_35.png -> C:\Game_2d\project\projectGame_v2\proj.win32\Release.win32\Resources\res\actor\hero\knight\walk\clown_export-walk_35.png
  C:\Game_2d\project\projectGame_v2\Resources\res\actor\hero\knight\walk\clown_export-walk_36.png -> C:\Game_2d\project\projectGame_v2\proj.win32\Release.win32\Resources\res\actor\hero\knight\walk\clown_export-walk_36.png
  C:\Game_2d\project\projectGame_v2\Resources\res\actor\hero\knight\walk\clown_export-walk_4.png -> C:\Game_2d\project\projectGame_v2\proj.win32\Release.win32\Resources\res\actor\hero\knight\walk\clown_export-walk_4.png
  C:\Game_2d\project\projectGame_v2\Resources\res\actor\hero\knight\walk\clown_export-walk_5.png -> C:\Game_2d\project\projectGame_v2\proj.win32\Release.win32\Resources\res\actor\hero\knight\walk\clown_export-walk_5.png
  C:\Game_2d\project\projectGame_v2\Resources\res\actor\hero\knight\walk\clown_export-walk_6.png -> C:\Game_2d\project\projectGame_v2\proj.win32\Release.win32\Resources\res\actor\hero\knight\walk\clown_export-walk_6.png
  C:\Game_2d\project\projectGame_v2\Resources\res\actor\hero\knight\walk\clown_export-walk_7.png -> C:\Game_2d\project\projectGame_v2\proj.win32\Release.win32\Resources\res\actor\hero\knight\walk\clown_export-walk_7.png
  C:\Game_2d\project\projectGame_v2\Resources\res\actor\hero\knight\walk\clown_export-walk_8.png -> C:\Game_2d\project\projectGame_v2\proj.win32\Release.win32\Resources\res\actor\hero\knight\walk\clown_export-walk_8.png
  C:\Game_2d\project\projectGame_v2\Resources\res\actor\hero\knight\walk\clown_export-walk_9.png -> C:\Game_2d\project\projectGame_v2\proj.win32\Release.win32\Resources\res\actor\hero\knight\walk\clown_export-walk_9.png
  C:\Game_2d\project\projectGame_v2\Resources\res\actor\hero\knight\walk_shield\clown_export-walk_shield_0.png -> C:\Game_2d\project\projectGame_v2\proj.win32\Release.win32\Resources\res\actor\hero\knight\walk_shield\clown_export-walk_shield_0.png
  C:\Game_2d\project\projectGame_v2\Resources\res\actor\hero\knight\walk_shield\clown_export-walk_shield_1.png -> C:\Game_2d\project\projectGame_v2\proj.win32\Release.win32\Resources\res\actor\hero\knight\walk_shield\clown_export-walk_shield_1.png
  C:\Game_2d\project\projectGame_v2\Resources\res\actor\hero\knight\walk_shield\clown_export-walk_shield_10.png -> C:\Game_2d\project\projectGame_v2\proj.win32\Release.win32\Resources\res\actor\hero\knight\walk_shield\clown_export-walk_shield_10.png
  C:\Game_2d\project\projectGame_v2\Resources\res\actor\hero\knight\walk_shield\clown_export-walk_shield_11.png -> C:\Game_2d\project\projectGame_v2\proj.win32\Release.win32\Resources\res\actor\hero\knight\walk_shield\clown_export-walk_shield_11.png
  C:\Game_2d\project\projectGame_v2\Resources\res\actor\hero\knight\walk_shield\clown_export-walk_shield_12.png -> C:\Game_2d\project\projectGame_v2\proj.win32\Release.win32\Resources\res\actor\hero\knight\walk_shield\clown_export-walk_shield_12.png
  C:\Game_2d\project\projectGame_v2\Resources\res\actor\hero\knight\walk_shield\clown_export-walk_shield_13.png -> C:\Game_2d\project\projectGame_v2\proj.win32\Release.win32\Resources\res\actor\hero\knight\walk_shield\clown_export-walk_shield_13.png
  C:\Game_2d\project\projectGame_v2\Resources\res\actor\hero\knight\walk_shield\clown_export-walk_shield_14.png -> C:\Game_2d\project\projectGame_v2\proj.win32\Release.win32\Resources\res\actor\hero\knight\walk_shield\clown_export-walk_shield_14.png
  C:\Game_2d\project\projectGame_v2\Resources\res\actor\hero\knight\walk_shield\clown_export-walk_shield_15.png -> C:\Game_2d\project\projectGame_v2\proj.win32\Release.win32\Resources\res\actor\hero\knight\walk_shield\clown_export-walk_shield_15.png
  C:\Game_2d\project\projectGame_v2\Resources\res\actor\hero\knight\walk_shield\clown_export-walk_shield_16.png -> C:\Game_2d\project\projectGame_v2\proj.win32\Release.win32\Resources\res\actor\hero\knight\walk_shield\clown_export-walk_shield_16.png
  C:\Game_2d\project\projectGame_v2\Resources\res\actor\hero\knight\walk_shield\clown_export-walk_shield_17.png -> C:\Game_2d\project\projectGame_v2\proj.win32\Release.win32\Resources\res\actor\hero\knight\walk_shield\clown_export-walk_shield_17.png
  C:\Game_2d\project\projectGame_v2\Resources\res\actor\hero\knight\walk_shield\clown_export-walk_shield_18.png -> C:\Game_2d\project\projectGame_v2\proj.win32\Release.win32\Resources\res\actor\hero\knight\walk_shield\clown_export-walk_shield_18.png
  C:\Game_2d\project\projectGame_v2\Resources\res\actor\hero\knight\walk_shield\clown_export-walk_shield_19.png -> C:\Game_2d\project\projectGame_v2\proj.win32\Release.win32\Resources\res\actor\hero\knight\walk_shield\clown_export-walk_shield_19.png
  C:\Game_2d\project\projectGame_v2\Resources\res\actor\hero\knight\walk_shield\clown_export-walk_shield_2.png -> C:\Game_2d\project\projectGame_v2\proj.win32\Release.win32\Resources\res\actor\hero\knight\walk_shield\clown_export-walk_shield_2.png
  C:\Game_2d\project\projectGame_v2\Resources\res\actor\hero\knight\walk_shield\clown_export-walk_shield_20.png -> C:\Game_2d\project\projectGame_v2\proj.win32\Release.win32\Resources\res\actor\hero\knight\walk_shield\clown_export-walk_shield_20.png
  C:\Game_2d\project\projectGame_v2\Resources\res\actor\hero\knight\walk_shield\clown_export-walk_shield_21.png -> C:\Game_2d\project\projectGame_v2\proj.win32\Release.win32\Resources\res\actor\hero\knight\walk_shield\clown_export-walk_shield_21.png
  C:\Game_2d\project\projectGame_v2\Resources\res\actor\hero\knight\walk_shield\clown_export-walk_shield_22.png -> C:\Game_2d\project\projectGame_v2\proj.win32\Release.win32\Resources\res\actor\hero\knight\walk_shield\clown_export-walk_shield_22.png
  C:\Game_2d\project\projectGame_v2\Resources\res\actor\hero\knight\walk_shield\clown_export-walk_shield_23.png -> C:\Game_2d\project\projectGame_v2\proj.win32\Release.win32\Resources\res\actor\hero\knight\walk_shield\clown_export-walk_shield_23.png
  C:\Game_2d\project\projectGame_v2\Resources\res\actor\hero\knight\walk_shield\clown_export-walk_shield_24.png -> C:\Game_2d\project\projectGame_v2\proj.win32\Release.win32\Resources\res\actor\hero\knight\walk_shield\clown_export-walk_shield_24.png
  C:\Game_2d\project\projectGame_v2\Resources\res\actor\hero\knight\walk_shield\clown_export-walk_shield_25.png -> C:\Game_2d\project\projectGame_v2\proj.win32\Release.win32\Resources\res\actor\hero\knight\walk_shield\clown_export-walk_shield_25.png
  C:\Game_2d\project\projectGame_v2\Resources\res\actor\hero\knight\walk_shield\clown_export-walk_shield_26.png -> C:\Game_2d\project\projectGame_v2\proj.win32\Release.win32\Resources\res\actor\hero\knight\walk_shield\clown_export-walk_shield_26.png
  C:\Game_2d\project\projectGame_v2\Resources\res\actor\hero\knight\walk_shield\clown_export-walk_shield_27.png -> C:\Game_2d\project\projectGame_v2\proj.win32\Release.win32\Resources\res\actor\hero\knight\walk_shield\clown_export-walk_shield_27.png
  C:\Game_2d\project\projectGame_v2\Resources\res\actor\hero\knight\walk_shield\clown_export-walk_shield_28.png -> C:\Game_2d\project\projectGame_v2\proj.win32\Release.win32\Resources\res\actor\hero\knight\walk_shield\clown_export-walk_shield_28.png
  C:\Game_2d\project\projectGame_v2\Resources\res\actor\hero\knight\walk_shield\clown_export-walk_shield_29.png -> C:\Game_2d\project\projectGame_v2\proj.win32\Release.win32\Resources\res\actor\hero\knight\walk_shield\clown_export-walk_shield_29.png
  C:\Game_2d\project\projectGame_v2\Resources\res\actor\hero\knight\walk_shield\clown_export-walk_shield_3.png -> C:\Game_2d\project\projectGame_v2\proj.win32\Release.win32\Resources\res\actor\hero\knight\walk_shield\clown_export-walk_shield_3.png
  C:\Game_2d\project\projectGame_v2\Resources\res\actor\hero\knight\walk_shield\clown_export-walk_shield_30.png -> C:\Game_2d\project\projectGame_v2\proj.win32\Release.win32\Resources\res\actor\hero\knight\walk_shield\clown_export-walk_shield_30.png
  C:\Game_2d\project\projectGame_v2\Resources\res\actor\hero\knight\walk_shield\clown_export-walk_shield_31.png -> C:\Game_2d\project\projectGame_v2\proj.win32\Release.win32\Resources\res\actor\hero\knight\walk_shield\clown_export-walk_shield_31.png
  C:\Game_2d\project\projectGame_v2\Resources\res\actor\hero\knight\walk_shield\clown_export-walk_shield_32.png -> C:\Game_2d\project\projectGame_v2\proj.win32\Release.win32\Resources\res\actor\hero\knight\walk_shield\clown_export-walk_shield_32.png
  C:\Game_2d\project\projectGame_v2\Resources\res\actor\hero\knight\walk_shield\clown_export-walk_shield_33.png -> C:\Game_2d\project\projectGame_v2\proj.win32\Release.win32\Resources\res\actor\hero\knight\walk_shield\clown_export-walk_shield_33.png
  C:\Game_2d\project\projectGame_v2\Resources\res\actor\hero\knight\walk_shield\clown_export-walk_shield_34.png -> C:\Game_2d\project\projectGame_v2\proj.win32\Release.win32\Resources\res\actor\hero\knight\walk_shield\clown_export-walk_shield_34.png
  C:\Game_2d\project\projectGame_v2\Resources\res\actor\hero\knight\walk_shield\clown_export-walk_shield_35.png -> C:\Game_2d\project\projectGame_v2\proj.win32\Release.win32\Resources\res\actor\hero\knight\walk_shield\clown_export-walk_shield_35.png
  C:\Game_2d\project\projectGame_v2\Resources\res\actor\hero\knight\walk_shield\clown_export-walk_shield_36.png -> C:\Game_2d\project\projectGame_v2\proj.win32\Release.win32\Resources\res\actor\hero\knight\walk_shield\clown_export-walk_shield_36.png
  C:\Game_2d\project\projectGame_v2\Resources\res\actor\hero\knight\walk_shield\clown_export-walk_shield_4.png -> C:\Game_2d\project\projectGame_v2\proj.win32\Release.win32\Resources\res\actor\hero\knight\walk_shield\clown_export-walk_shield_4.png
  C:\Game_2d\project\projectGame_v2\Resources\res\actor\hero\knight\walk_shield\clown_export-walk_shield_5.png -> C:\Game_2d\project\projectGame_v2\proj.win32\Release.win32\Resources\res\actor\hero\knight\walk_shield\clown_export-walk_shield_5.png
  C:\Game_2d\project\projectGame_v2\Resources\res\actor\hero\knight\walk_shield\clown_export-walk_shield_6.png -> C:\Game_2d\project\projectGame_v2\proj.win32\Release.win32\Resources\res\actor\hero\knight\walk_shield\clown_export-walk_shield_6.png
  C:\Game_2d\project\projectGame_v2\Resources\res\actor\hero\knight\walk_shield\clown_export-walk_shield_7.png -> C:\Game_2d\project\projectGame_v2\proj.win32\Release.win32\Resources\res\actor\hero\knight\walk_shield\clown_export-walk_shield_7.png
  C:\Game_2d\project\projectGame_v2\Resources\res\actor\hero\knight\walk_shield\clown_export-walk_shield_8.png -> C:\Game_2d\project\projectGame_v2\proj.win32\Release.win32\Resources\res\actor\hero\knight\walk_shield\clown_export-walk_shield_8.png
  C:\Game_2d\project\projectGame_v2\Resources\res\actor\hero\knight\walk_shield\clown_export-walk_shield_9.png -> C:\Game_2d\project\projectGame_v2\proj.win32\Release.win32\Resources\res\actor\hero\knight\walk_shield\clown_export-walk_shield_9.png
  C:\Game_2d\project\projectGame_v2\Resources\res\audio\music\120BPMclicktrack.ogg.mp3 -> C:\Game_2d\project\projectGame_v2\proj.win32\Release.win32\Resources\res\audio\music\120BPMclicktrack.ogg.mp3
  C:\Game_2d\project\projectGame_v2\Resources\res\bg\forest\bg_forest.png -> C:\Game_2d\project\projectGame_v2\proj.win32\Release.win32\Resources\res\bg\forest\bg_forest.png
  C:\Game_2d\project\projectGame_v2\Resources\res\bg\forest\Parallax Forest Background - Blue\01_Mist.png -> C:\Game_2d\project\projectGame_v2\proj.win32\Release.win32\Resources\res\bg\forest\Parallax Forest Background - Blue\01_Mist.png
  C:\Game_2d\project\projectGame_v2\Resources\res\bg\forest\Parallax Forest Background - Blue\02_Bushes.png -> C:\Game_2d\project\projectGame_v2\proj.win32\Release.win32\Resources\res\bg\forest\Parallax Forest Background - Blue\02_Bushes.png
  C:\Game_2d\project\projectGame_v2\Resources\res\bg\forest\Parallax Forest Background - Blue\03_Particles.png -> C:\Game_2d\project\projectGame_v2\proj.win32\Release.win32\Resources\res\bg\forest\Parallax Forest Background - Blue\03_Particles.png
  C:\Game_2d\project\projectGame_v2\Resources\res\bg\forest\Parallax Forest Background - Blue\04_Forest.png -> C:\Game_2d\project\projectGame_v2\proj.win32\Release.win32\Resources\res\bg\forest\Parallax Forest Background - Blue\04_Forest.png
  C:\Game_2d\project\projectGame_v2\Resources\res\bg\forest\Parallax Forest Background - Blue\05_Particles.png -> C:\Game_2d\project\projectGame_v2\proj.win32\Release.win32\Resources\res\bg\forest\Parallax Forest Background - Blue\05_Particles.png
  C:\Game_2d\project\projectGame_v2\Resources\res\bg\forest\Parallax Forest Background - Blue\06_Forest.png -> C:\Game_2d\project\projectGame_v2\proj.win32\Release.win32\Resources\res\bg\forest\Parallax Forest Background - Blue\06_Forest.png
  C:\Game_2d\project\projectGame_v2\Resources\res\bg\forest\Parallax Forest Background - Blue\07_Forest.png -> C:\Game_2d\project\projectGame_v2\proj.win32\Release.win32\Resources\res\bg\forest\Parallax Forest Background - Blue\07_Forest.png
  C:\Game_2d\project\projectGame_v2\Resources\res\bg\forest\Parallax Forest Background - Blue\08_Forest.png -> C:\Game_2d\project\projectGame_v2\proj.win32\Release.win32\Resources\res\bg\forest\Parallax Forest Background - Blue\08_Forest.png
  C:\Game_2d\project\projectGame_v2\Resources\res\bg\forest\Parallax Forest Background - Blue\09_Forest.png -> C:\Game_2d\project\projectGame_v2\proj.win32\Release.win32\Resources\res\bg\forest\Parallax Forest Background - Blue\09_Forest.png
  C:\Game_2d\project\projectGame_v2\Resources\res\bg\forest\Parallax Forest Background - Blue\10_Sky.png -> C:\Game_2d\project\projectGame_v2\proj.win32\Release.win32\Resources\res\bg\forest\Parallax Forest Background - Blue\10_Sky.png
  425 File(s) copied
